{"C:\\git\\meteo-station-domotique\\src\\app\\app.component.ts": {"path":"C:\\git\\meteo-station-domotique\\src\\app\\app.component.ts","statementMap":{"0":{"start":{"line":1,"column":0},"end":{"line":1,"column":101}},"1":{"start":{"line":3,"column":0},"end":{"line":3,"column":55}},"2":{"start":{"line":10,"column":0},"end":{"line":23,"column":null}},"3":{"start":{"line":18,"column":32},"end":{"line":18,"column":50}},"4":{"start":{"line":19,"column":4},"end":{"line":19,"column":36}},"5":{"start":{"line":15,"column":4},"end":{"line":15,"column":70}},"6":{"start":{"line":12,"column":40},"end":{"line":12,"column":null}},"7":{"start":{"line":10,"column":13},"end":{"line":23,"column":null}},"8":{"start":{"line":10,"column":13},"end":{"line":10,"column":25}}},"fnMap":{"0":{"name":"(anonymous_0)","decl":{"start":{"line":18,"column":2},"end":{"line":18,"column":32}},"loc":{"start":{"line":18,"column":66},"end":{"line":20,"column":3}}},"1":{"name":"(anonymous_1)","decl":{"start":{"line":14,"column":2},"end":{"line":14,"column":14}},"loc":{"start":{"line":14,"column":29},"end":{"line":16,"column":3}}}},"branchMap":{},"s":{"0":4,"1":4,"2":4,"3":1,"4":1,"5":0,"6":4,"7":4,"8":4},"f":{"0":1,"1":0},"b":{}}
,"C:\\git\\meteo-station-domotique\\src\\app\\auth\\login\\login.component.ts": {"path":"C:\\git\\meteo-station-domotique\\src\\app\\auth\\login\\login.component.ts","statementMap":{"0":{"start":{"line":1,"column":0},"end":{"line":1,"column":50}},"1":{"start":{"line":2,"column":0},"end":{"line":2,"column":68}},"2":{"start":{"line":3,"column":0},"end":{"line":3,"column":69}},"3":{"start":{"line":4,"column":0},"end":{"line":4,"column":72}},"4":{"start":{"line":11,"column":0},"end":{"line":57,"column":null}},"5":{"start":{"line":20,"column":21},"end":{"line":20,"column":25}},"6":{"start":{"line":21,"column":21},"end":{"line":21,"column":28}},"7":{"start":{"line":22,"column":21},"end":{"line":22,"column":29}},"8":{"start":{"line":23,"column":21},"end":{"line":23,"column":34}},"9":{"start":{"line":29,"column":4},"end":{"line":29,"column":74}},"10":{"start":{"line":31,"column":4},"end":{"line":34,"column":7}},"11":{"start":{"line":36,"column":4},"end":{"line":38,"column":null}},"12":{"start":{"line":37,"column":6},"end":{"line":37,"column":45}},"13":{"start":{"line":42,"column":4},"end":{"line":42,"column":30}},"14":{"start":{"line":43,"column":4},"end":{"line":43,"column":35}},"15":{"start":{"line":44,"column":4},"end":{"line":54,"column":null}},"16":{"start":{"line":45,"column":6},"end":{"line":51,"column":null}},"17":{"start":{"line":46,"column":25},"end":{"line":46,"column":56}},"18":{"start":{"line":47,"column":25},"end":{"line":47,"column":56}},"19":{"start":{"line":48,"column":8},"end":{"line":48,"column":51}},"20":{"start":{"line":50,"column":8},"end":{"line":50,"column":33}},"21":{"start":{"line":53,"column":6},"end":{"line":53,"column":36}},"22":{"start":{"line":11,"column":13},"end":{"line":57,"column":null}},"23":{"start":{"line":11,"column":13},"end":{"line":11,"column":27}}},"fnMap":{"0":{"name":"(anonymous_0)","decl":{"start":{"line":19,"column":2},"end":{"line":19,"column":null}},"loc":{"start":{"line":23,"column":45},"end":{"line":26,"column":3}}},"1":{"name":"(anonymous_1)","decl":{"start":{"line":28,"column":2},"end":{"line":28,"column":10}},"loc":{"start":{"line":28,"column":10},"end":{"line":39,"column":3}}},"2":{"name":"(anonymous_2)","decl":{"start":{"line":41,"column":2},"end":{"line":41,"column":7}},"loc":{"start":{"line":41,"column":7},"end":{"line":55,"column":3}}}},"branchMap":{"0":{"loc":{"start":{"line":29,"column":21},"end":{"line":29,"column":62}},"type":"binary-expr","locations":[{"start":{"line":29,"column":21},"end":{"line":29,"column":62}},{"start":{"line":29,"column":66},"end":{"line":29,"column":73}}]},"1":{"loc":{"start":{"line":36,"column":4},"end":{"line":38,"column":null}},"type":"if","locations":[{"start":{"line":36,"column":4},"end":{"line":38,"column":null}},{"start":{"line":36,"column":4},"end":{"line":38,"column":null}}]},"2":{"loc":{"start":{"line":44,"column":4},"end":{"line":54,"column":null}},"type":"if","locations":[{"start":{"line":44,"column":4},"end":{"line":54,"column":null}},{"start":{"line":44,"column":4},"end":{"line":54,"column":null}}]}},"s":{"0":1,"1":1,"2":1,"3":1,"4":1,"5":1,"6":1,"7":1,"8":1,"9":1,"10":1,"11":1,"12":0,"13":0,"14":0,"15":0,"16":0,"17":0,"18":0,"19":0,"20":0,"21":0,"22":1,"23":1},"f":{"0":1,"1":1,"2":0},"b":{"0":[1,1],"1":[0,1],"2":[0,0]}}
,"C:\\git\\meteo-station-domotique\\src\\app\\auth\\unauthenticated\\unauthenticated.component.ts": {"path":"C:\\git\\meteo-station-domotique\\src\\app\\auth\\unauthenticated\\unauthenticated.component.ts","statementMap":{"0":{"start":{"line":1,"column":0},"end":{"line":1,"column":50}},"1":{"start":{"line":8,"column":0},"end":{"line":15,"column":null}},"2":{"start":{"line":8,"column":13},"end":{"line":15,"column":null}},"3":{"start":{"line":8,"column":13},"end":{"line":8,"column":37}}},"fnMap":{"0":{"name":"(anonymous_0)","decl":{"start":{"line":10,"column":2},"end":{"line":10,"column":18}},"loc":{"start":{"line":10,"column":2},"end":{"line":10,"column":19}}},"1":{"name":"(anonymous_1)","decl":{"start":{"line":12,"column":2},"end":{"line":12,"column":10}},"loc":{"start":{"line":12,"column":10},"end":{"line":13,"column":3}}}},"branchMap":{},"s":{"0":1,"1":1,"2":1,"3":1},"f":{"0":1,"1":1},"b":{}}
,"C:\\git\\meteo-station-domotique\\src\\app\\devices\\devices.component.ts": {"path":"C:\\git\\meteo-station-domotique\\src\\app\\devices\\devices.component.ts","statementMap":{"0":{"start":{"line":1,"column":0},"end":{"line":1,"column":50}},"1":{"start":{"line":2,"column":0},"end":{"line":2,"column":53}},"2":{"start":{"line":5,"column":0},"end":{"line":5,"column":80}},"3":{"start":{"line":12,"column":0},"end":{"line":46,"column":null}},"4":{"start":{"line":18,"column":21},"end":{"line":18,"column":29}},"5":{"start":{"line":14,"column":2},"end":{"line":14,"column":67}},"6":{"start":{"line":16,"column":2},"end":{"line":16,"column":25}},"7":{"start":{"line":23,"column":22},"end":{"line":26,"column":6}},"8":{"start":{"line":28,"column":4},"end":{"line":30,"column":7}},"9":{"start":{"line":29,"column":6},"end":{"line":29,"column":43}},"10":{"start":{"line":34,"column":4},"end":{"line":43,"column":null}},"11":{"start":{"line":34,"column":17},"end":{"line":34,"column":18}},"12":{"start":{"line":35,"column":6},"end":{"line":42,"column":9}},"13":{"start":{"line":12,"column":13},"end":{"line":46,"column":null}},"14":{"start":{"line":12,"column":13},"end":{"line":12,"column":29}}},"fnMap":{"0":{"name":"(anonymous_0)","decl":{"start":{"line":18,"column":2},"end":{"line":18,"column":21}},"loc":{"start":{"line":18,"column":38},"end":{"line":20,"column":3}}},"1":{"name":"(anonymous_1)","decl":{"start":{"line":22,"column":2},"end":{"line":22,"column":12}},"loc":{"start":{"line":22,"column":27},"end":{"line":31,"column":3}}},"2":{"name":"(anonymous_2)","decl":{"start":{"line":28,"column":38},"end":{"line":28,"column":44}},"loc":{"start":{"line":28,"column":47},"end":{"line":30,"column":5}}},"3":{"name":"(anonymous_3)","decl":{"start":{"line":33,"column":2},"end":{"line":33,"column":10}},"loc":{"start":{"line":33,"column":10},"end":{"line":44,"column":3}}}},"branchMap":{},"s":{"0":1,"1":1,"2":1,"3":1,"4":1,"5":1,"6":1,"7":0,"8":0,"9":0,"10":1,"11":1,"12":5,"13":1,"14":1},"f":{"0":1,"1":0,"2":0,"3":1},"b":{}}
,"C:\\git\\meteo-station-domotique\\src\\app\\devices\\device-detail\\device-detail.component.ts": {"path":"C:\\git\\meteo-station-domotique\\src\\app\\devices\\device-detail\\device-detail.component.ts","statementMap":{"0":{"start":{"line":1,"column":0},"end":{"line":1,"column":58}},"1":{"start":{"line":2,"column":0},"end":{"line":2,"column":73}},"2":{"start":{"line":3,"column":0},"end":{"line":3,"column":59}},"3":{"start":{"line":10,"column":0},"end":{"line":25,"column":null}},"4":{"start":{"line":20,"column":21},"end":{"line":20,"column":32}},"5":{"start":{"line":20,"column":101},"end":{"line":20,"column":107}},"6":{"start":{"line":12,"column":2},"end":{"line":18,"column":4}},"7":{"start":{"line":10,"column":13},"end":{"line":25,"column":null}},"8":{"start":{"line":10,"column":13},"end":{"line":10,"column":34}}},"fnMap":{"0":{"name":"(anonymous_0)","decl":{"start":{"line":20,"column":2},"end":{"line":20,"column":21}},"loc":{"start":{"line":20,"column":113},"end":{"line":20,"column":118}}},"1":{"name":"(anonymous_1)","decl":{"start":{"line":22,"column":2},"end":{"line":22,"column":10}},"loc":{"start":{"line":22,"column":10},"end":{"line":24,"column":3}}}},"branchMap":{},"s":{"0":2,"1":2,"2":2,"3":2,"4":1,"5":1,"6":1,"7":2,"8":2},"f":{"0":1,"1":1},"b":{}}
,"C:\\git\\meteo-station-domotique\\src\\app\\generic\\core\\service\\auth.service.ts": {"path":"C:\\git\\meteo-station-domotique\\src\\app\\generic\\core\\service\\auth.service.ts","statementMap":{"0":{"start":{"line":1,"column":0},"end":{"line":1,"column":43}},"1":{"start":{"line":2,"column":0},"end":{"line":2,"column":41}},"2":{"start":{"line":7,"column":0},"end":{"line":28,"column":null}},"3":{"start":{"line":12,"column":21},"end":{"line":12,"column":29}},"4":{"start":{"line":9,"column":10},"end":{"line":9,"column":33}},"5":{"start":{"line":16,"column":4},"end":{"line":16,"column":31}},"6":{"start":{"line":17,"column":4},"end":{"line":17,"column":36}},"7":{"start":{"line":21,"column":4},"end":{"line":21,"column":32}},"8":{"start":{"line":22,"column":4},"end":{"line":22,"column":36}},"9":{"start":{"line":26,"column":4},"end":{"line":26,"column":31}},"10":{"start":{"line":7,"column":13},"end":{"line":28,"column":null}},"11":{"start":{"line":7,"column":13},"end":{"line":7,"column":24}}},"fnMap":{"0":{"name":"(anonymous_0)","decl":{"start":{"line":11,"column":2},"end":{"line":11,"column":null}},"loc":{"start":{"line":12,"column":35},"end":{"line":13,"column":7}}},"1":{"name":"(anonymous_1)","decl":{"start":{"line":15,"column":2},"end":{"line":15,"column":7}},"loc":{"start":{"line":15,"column":42},"end":{"line":18,"column":3}}},"2":{"name":"(anonymous_2)","decl":{"start":{"line":20,"column":2},"end":{"line":20,"column":8}},"loc":{"start":{"line":20,"column":8},"end":{"line":23,"column":3}}},"3":{"name":"(anonymous_3)","decl":{"start":{"line":25,"column":2},"end":{"line":25,"column":17}},"loc":{"start":{"line":25,"column":17},"end":{"line":27,"column":3}}}},"branchMap":{},"s":{"0":7,"1":7,"2":7,"3":7,"4":7,"5":0,"6":0,"7":0,"8":0,"9":17,"10":7,"11":7},"f":{"0":7,"1":0,"2":0,"3":17},"b":{}}
,"C:\\git\\meteo-station-domotique\\src\\app\\generic\\core\\service\\package-json.service.ts": {"path":"C:\\git\\meteo-station-domotique\\src\\app\\generic\\core\\service\\package-json.service.ts","statementMap":{"0":{"start":{"line":1,"column":0},"end":{"line":1,"column":43}},"1":{"start":{"line":2,"column":0},"end":{"line":2,"column":80}},"2":{"start":{"line":16,"column":0},"end":{"line":34,"column":null}},"3":{"start":{"line":17,"column":2},"end":{"line":17,"column":28}},"4":{"start":{"line":18,"column":2},"end":{"line":18,"column":22}},"5":{"start":{"line":20,"column":2},"end":{"line":20,"column":24}},"6":{"start":{"line":21,"column":2},"end":{"line":21,"column":36}},"7":{"start":{"line":27,"column":4},"end":{"line":32,"column":6}},"8":{"start":{"line":16,"column":13},"end":{"line":34,"column":null}},"9":{"start":{"line":16,"column":13},"end":{"line":16,"column":31}}},"fnMap":{"0":{"name":"(anonymous_0)","decl":{"start":{"line":22,"column":2},"end":{"line":22,"column":null}},"loc":{"start":{"line":22,"column":2},"end":{"line":24,"column":3}}},"1":{"name":"(anonymous_1)","decl":{"start":{"line":26,"column":2},"end":{"line":26,"column":13}},"loc":{"start":{"line":26,"column":18},"end":{"line":33,"column":3}}}},"branchMap":{},"s":{"0":6,"1":6,"2":6,"3":7,"4":7,"5":7,"6":7,"7":18,"8":6,"9":6},"f":{"0":7,"1":18},"b":{}}
,"C:\\git\\meteo-station-domotique\\src\\app\\generic\\global-layout\\footer\\footer.component.ts": {"path":"C:\\git\\meteo-station-domotique\\src\\app\\generic\\global-layout\\footer\\footer.component.ts","statementMap":{"0":{"start":{"line":1,"column":0},"end":{"line":1,"column":87}},"1":{"start":{"line":2,"column":0},"end":{"line":2,"column":50}},"2":{"start":{"line":3,"column":0},"end":{"line":3,"column":95}},"3":{"start":{"line":9,"column":0},"end":{"line":27,"column":null}},"4":{"start":{"line":14,"column":31},"end":{"line":14,"column":38}},"5":{"start":{"line":15,"column":31},"end":{"line":15,"column":51}},"6":{"start":{"line":12,"column":12},"end":{"line":12,"column":55}},"7":{"start":{"line":18,"column":4},"end":{"line":18,"column":41}},"8":{"start":{"line":22,"column":4},"end":{"line":25,"column":null}},"9":{"start":{"line":23,"column":6},"end":{"line":23,"column":33}},"10":{"start":{"line":24,"column":6},"end":{"line":24,"column":68}},"11":{"start":{"line":11,"column":40},"end":{"line":11,"column":null}},"12":{"start":{"line":12,"column":12},"end":{"line":12,"column":null}},"13":{"start":{"line":9,"column":13},"end":{"line":27,"column":null}},"14":{"start":{"line":9,"column":13},"end":{"line":9,"column":28}}},"fnMap":{"0":{"name":"(anonymous_0)","decl":{"start":{"line":14,"column":2},"end":{"line":14,"column":31}},"loc":{"start":{"line":15,"column":69},"end":{"line":15,"column":74}}},"1":{"name":"(anonymous_1)","decl":{"start":{"line":17,"column":2},"end":{"line":17,"column":13}},"loc":{"start":{"line":17,"column":18},"end":{"line":19,"column":3}}},"2":{"name":"(anonymous_2)","decl":{"start":{"line":21,"column":2},"end":{"line":21,"column":8}},"loc":{"start":{"line":21,"column":8},"end":{"line":26,"column":3}}}},"branchMap":{"0":{"loc":{"start":{"line":22,"column":4},"end":{"line":25,"column":null}},"type":"if","locations":[{"start":{"line":22,"column":4},"end":{"line":25,"column":null}},{"start":{"line":22,"column":4},"end":{"line":25,"column":null}}]}},"s":{"0":4,"1":4,"2":4,"3":4,"4":2,"5":2,"6":2,"7":8,"8":0,"9":0,"10":0,"11":4,"12":4,"13":4,"14":4},"f":{"0":2,"1":8,"2":0},"b":{"0":[0,0]}}
,"C:\\git\\meteo-station-domotique\\src\\app\\generic\\global-layout\\header\\header.component.ts": {"path":"C:\\git\\meteo-station-domotique\\src\\app\\generic\\global-layout\\header\\header.component.ts","statementMap":{"0":{"start":{"line":1,"column":0},"end":{"line":1,"column":50}},"1":{"start":{"line":9,"column":0},"end":{"line":14,"column":null}},"2":{"start":{"line":9,"column":13},"end":{"line":14,"column":null}},"3":{"start":{"line":9,"column":13},"end":{"line":9,"column":28}}},"fnMap":{"0":{"name":"(anonymous_0)","decl":{"start":{"line":11,"column":2},"end":{"line":11,"column":10}},"loc":{"start":{"line":11,"column":10},"end":{"line":12,"column":3}}}},"branchMap":{},"s":{"0":4,"1":4,"2":4,"3":4},"f":{"0":1},"b":{}}
,"C:\\git\\meteo-station-domotique\\src\\app\\generic\\global-layout\\menu\\menu.component.ts": {"path":"C:\\git\\meteo-station-domotique\\src\\app\\generic\\global-layout\\menu\\menu.component.ts","statementMap":{"0":{"start":{"line":1,"column":0},"end":{"line":1,"column":127}},"1":{"start":{"line":2,"column":0},"end":{"line":2,"column":56}},"2":{"start":{"line":3,"column":0},"end":{"line":3,"column":55}},"3":{"start":{"line":4,"column":0},"end":{"line":4,"column":95}},"4":{"start":{"line":5,"column":0},"end":{"line":5,"column":50}},"5":{"start":{"line":6,"column":0},"end":{"line":6,"column":53}},"6":{"start":{"line":7,"column":0},"end":{"line":7,"column":62}},"7":{"start":{"line":15,"column":0},"end":{"line":62,"column":null}},"8":{"start":{"line":28,"column":31},"end":{"line":28,"column":51}},"9":{"start":{"line":29,"column":31},"end":{"line":29,"column":49}},"10":{"start":{"line":30,"column":31},"end":{"line":30,"column":44}},"11":{"start":{"line":23,"column":2},"end":{"line":23,"column":27}},"12":{"start":{"line":25,"column":2},"end":{"line":25,"column":24}},"13":{"start":{"line":32,"column":4},"end":{"line":32,"column":62}},"14":{"start":{"line":40,"column":4},"end":{"line":40,"column":46}},"15":{"start":{"line":44,"column":4},"end":{"line":44,"column":30}},"16":{"start":{"line":49,"column":4},"end":{"line":49,"column":41}},"17":{"start":{"line":53,"column":4},"end":{"line":55,"column":14}},"18":{"start":{"line":54,"column":6},"end":{"line":54,"column":31}},"19":{"start":{"line":59,"column":4},"end":{"line":59,"column":53}},"20":{"start":{"line":18,"column":2},"end":{"line":18,"column":null}},"21":{"start":{"line":21,"column":2},"end":{"line":21,"column":null}},"22":{"start":{"line":15,"column":13},"end":{"line":62,"column":null}},"23":{"start":{"line":15,"column":13},"end":{"line":15,"column":26}}},"fnMap":{"0":{"name":"(anonymous_0)","decl":{"start":{"line":28,"column":2},"end":{"line":28,"column":31}},"loc":{"start":{"line":30,"column":55},"end":{"line":34,"column":3}}},"1":{"name":"(anonymous_1)","decl":{"start":{"line":36,"column":2},"end":{"line":36,"column":10}},"loc":{"start":{"line":36,"column":10},"end":{"line":37,"column":3}}},"2":{"name":"(anonymous_2)","decl":{"start":{"line":39,"column":2},"end":{"line":39,"column":13}},"loc":{"start":{"line":39,"column":22},"end":{"line":41,"column":3}}},"3":{"name":"(anonymous_3)","decl":{"start":{"line":43,"column":2},"end":{"line":43,"column":8}},"loc":{"start":{"line":43,"column":8},"end":{"line":45,"column":3}}},"4":{"name":"(anonymous_4)","decl":{"start":{"line":48,"column":2},"end":{"line":48,"column":13}},"loc":{"start":{"line":48,"column":18},"end":{"line":50,"column":3}}},"5":{"name":"(anonymous_5)","decl":{"start":{"line":52,"column":2},"end":{"line":52,"column":14}},"loc":{"start":{"line":52,"column":14},"end":{"line":56,"column":3}}},"6":{"name":"(anonymous_6)","decl":{"start":{"line":53,"column":15},"end":{"line":53,"column":18}},"loc":{"start":{"line":53,"column":20},"end":{"line":55,"column":5}}},"7":{"name":"(anonymous_7)","decl":{"start":{"line":58,"column":2},"end":{"line":58,"column":16}},"loc":{"start":{"line":58,"column":20},"end":{"line":60,"column":3}}}},"branchMap":{},"s":{"0":4,"1":4,"2":4,"3":4,"4":4,"5":4,"6":4,"7":4,"8":4,"9":4,"10":4,"11":4,"12":4,"13":4,"14":16,"15":0,"16":8,"17":1,"18":0,"19":0,"20":4,"21":4,"22":4,"23":4},"f":{"0":4,"1":3,"2":16,"3":0,"4":8,"5":1,"6":0,"7":0},"b":{}}
,"C:\\git\\meteo-station-domotique\\src\\app\\home\\home.component.ts": {"path":"C:\\git\\meteo-station-domotique\\src\\app\\home\\home.component.ts","statementMap":{"0":{"start":{"line":1,"column":0},"end":{"line":1,"column":50}},"1":{"start":{"line":2,"column":0},"end":{"line":2,"column":100}},"2":{"start":{"line":9,"column":0},"end":{"line":20,"column":null}},"3":{"start":{"line":11,"column":31},"end":{"line":11,"column":51}},"4":{"start":{"line":17,"column":4},"end":{"line":17,"column":41}},"5":{"start":{"line":9,"column":13},"end":{"line":20,"column":null}},"6":{"start":{"line":9,"column":13},"end":{"line":9,"column":26}}},"fnMap":{"0":{"name":"(anonymous_0)","decl":{"start":{"line":11,"column":2},"end":{"line":11,"column":31}},"loc":{"start":{"line":11,"column":69},"end":{"line":11,"column":74}}},"1":{"name":"(anonymous_1)","decl":{"start":{"line":13,"column":2},"end":{"line":13,"column":10}},"loc":{"start":{"line":13,"column":10},"end":{"line":14,"column":3}}},"2":{"name":"(anonymous_2)","decl":{"start":{"line":16,"column":2},"end":{"line":16,"column":13}},"loc":{"start":{"line":16,"column":18},"end":{"line":18,"column":3}}}},"branchMap":{},"s":{"0":1,"1":1,"2":1,"3":1,"4":2,"5":1,"6":1},"f":{"0":1,"1":1,"2":2},"b":{}}
,"C:\\git\\meteo-station-domotique\\src\\app\\meteo\\forecasts\\forecasts.component.ts": {"path":"C:\\git\\meteo-station-domotique\\src\\app\\meteo\\forecasts\\forecasts.component.ts","statementMap":{"0":{"start":{"line":1,"column":0},"end":{"line":1,"column":50}},"1":{"start":{"line":2,"column":0},"end":{"line":2,"column":57}},"2":{"start":{"line":3,"column":0},"end":{"line":3,"column":63}},"3":{"start":{"line":4,"column":0},"end":{"line":4,"column":67}},"4":{"start":{"line":12,"column":0},"end":{"line":69,"column":null}},"5":{"start":{"line":15,"column":2},"end":{"line":15,"column":31}},"6":{"start":{"line":16,"column":2},"end":{"line":16,"column":18}},"7":{"start":{"line":17,"column":2},"end":{"line":17,"column":40}},"8":{"start":{"line":22,"column":15},"end":{"line":22,"column":25}},"9":{"start":{"line":24,"column":4},"end":{"line":24,"column":116}},"10":{"start":{"line":25,"column":4},"end":{"line":25,"column":46}},"11":{"start":{"line":26,"column":4},"end":{"line":31,"column":null}},"12":{"start":{"line":26,"column":17},"end":{"line":26,"column":18}},"13":{"start":{"line":27,"column":6},"end":{"line":27,"column":49}},"14":{"start":{"line":29,"column":6},"end":{"line":30,"column":103}},"15":{"start":{"line":38,"column":4},"end":{"line":44,"column":null}},"16":{"start":{"line":39,"column":38},"end":{"line":39,"column":96}},"17":{"start":{"line":40,"column":6},"end":{"line":40,"column":32}},"18":{"start":{"line":41,"column":10},"end":{"line":44,"column":null}},"19":{"start":{"line":42,"column":38},"end":{"line":42,"column":60}},"20":{"start":{"line":43,"column":6},"end":{"line":43,"column":32}},"21":{"start":{"line":48,"column":17},"end":{"line":48,"column":37}},"22":{"start":{"line":49,"column":20},"end":{"line":49,"column":41}},"23":{"start":{"line":50,"column":19},"end":{"line":50,"column":69}},"24":{"start":{"line":52,"column":4},"end":{"line":66,"column":null}},"25":{"start":{"line":53,"column":6},"end":{"line":53,"column":30}},"26":{"start":{"line":54,"column":6},"end":{"line":54,"column":28}},"27":{"start":{"line":55,"column":11},"end":{"line":66,"column":null}},"28":{"start":{"line":56,"column":24},"end":{"line":56,"column":86}},"29":{"start":{"line":57,"column":23},"end":{"line":57,"column":44}},"30":{"start":{"line":58,"column":6},"end":{"line":65,"column":null}},"31":{"start":{"line":59,"column":22},"end":{"line":59,"column":60}},"32":{"start":{"line":60,"column":8},"end":{"line":64,"column":null}},"33":{"start":{"line":61,"column":12},"end":{"line":61,"column":112}},"34":{"start":{"line":62,"column":15},"end":{"line":64,"column":null}},"35":{"start":{"line":63,"column":10},"end":{"line":63,"column":110}},"36":{"start":{"line":12,"column":13},"end":{"line":69,"column":null}},"37":{"start":{"line":12,"column":13},"end":{"line":12,"column":31}}},"fnMap":{"0":{"name":"(anonymous_0)","decl":{"start":{"line":20,"column":2},"end":{"line":20,"column":null}},"loc":{"start":{"line":20,"column":2},"end":{"line":32,"column":3}}},"1":{"name":"(anonymous_1)","decl":{"start":{"line":34,"column":2},"end":{"line":34,"column":10}},"loc":{"start":{"line":34,"column":10},"end":{"line":35,"column":3}}},"2":{"name":"(anonymous_2)","decl":{"start":{"line":37,"column":2},"end":{"line":37,"column":7}},"loc":{"start":{"line":37,"column":30},"end":{"line":45,"column":3}}},"3":{"name":"(anonymous_3)","decl":{"start":{"line":47,"column":2},"end":{"line":47,"column":9}},"loc":{"start":{"line":47,"column":47},"end":{"line":67,"column":3}}}},"branchMap":{"0":{"loc":{"start":{"line":38,"column":4},"end":{"line":44,"column":null}},"type":"if","locations":[{"start":{"line":38,"column":4},"end":{"line":44,"column":null}},{"start":{"line":38,"column":4},"end":{"line":44,"column":null}}]},"1":{"loc":{"start":{"line":41,"column":10},"end":{"line":44,"column":null}},"type":"if","locations":[{"start":{"line":41,"column":10},"end":{"line":44,"column":null}},{"start":{"line":41,"column":10},"end":{"line":44,"column":null}}]},"2":{"loc":{"start":{"line":52,"column":4},"end":{"line":66,"column":null}},"type":"if","locations":[{"start":{"line":52,"column":4},"end":{"line":66,"column":null}},{"start":{"line":52,"column":4},"end":{"line":66,"column":null}}]},"3":{"loc":{"start":{"line":55,"column":11},"end":{"line":66,"column":null}},"type":"if","locations":[{"start":{"line":55,"column":11},"end":{"line":66,"column":null}},{"start":{"line":55,"column":11},"end":{"line":66,"column":null}}]},"4":{"loc":{"start":{"line":58,"column":6},"end":{"line":65,"column":null}},"type":"if","locations":[{"start":{"line":58,"column":6},"end":{"line":65,"column":null}},{"start":{"line":58,"column":6},"end":{"line":65,"column":null}}]},"5":{"loc":{"start":{"line":58,"column":10},"end":{"line":58,"column":25}},"type":"binary-expr","locations":[{"start":{"line":58,"column":10},"end":{"line":58,"column":25}},{"start":{"line":58,"column":29},"end":{"line":58,"column":56}},{"start":{"line":58,"column":61},"end":{"line":58,"column":112}}]},"6":{"loc":{"start":{"line":59,"column":41},"end":{"line":59,"column":47}},"type":"cond-expr","locations":[{"start":{"line":59,"column":41},"end":{"line":59,"column":47}},{"start":{"line":59,"column":50},"end":{"line":59,"column":60}}]},"7":{"loc":{"start":{"line":60,"column":8},"end":{"line":64,"column":null}},"type":"if","locations":[{"start":{"line":60,"column":8},"end":{"line":64,"column":null}},{"start":{"line":60,"column":8},"end":{"line":64,"column":null}}]},"8":{"loc":{"start":{"line":61,"column":40},"end":{"line":61,"column":70}},"type":"cond-expr","locations":[{"start":{"line":61,"column":40},"end":{"line":61,"column":70}},{"start":{"line":61,"column":75},"end":{"line":61,"column":109}}]},"9":{"loc":{"start":{"line":61,"column":85},"end":{"line":61,"column":86}},"type":"cond-expr","locations":[{"start":{"line":61,"column":85},"end":{"line":61,"column":86}},{"start":{"line":61,"column":89},"end":{"line":61,"column":109}}]},"10":{"loc":{"start":{"line":62,"column":15},"end":{"line":64,"column":null}},"type":"if","locations":[{"start":{"line":62,"column":15},"end":{"line":64,"column":null}},{"start":{"line":62,"column":15},"end":{"line":64,"column":null}}]},"11":{"loc":{"start":{"line":63,"column":38},"end":{"line":63,"column":68}},"type":"cond-expr","locations":[{"start":{"line":63,"column":38},"end":{"line":63,"column":68}},{"start":{"line":63,"column":73},"end":{"line":63,"column":107}}]},"12":{"loc":{"start":{"line":63,"column":83},"end":{"line":63,"column":84}},"type":"cond-expr","locations":[{"start":{"line":63,"column":83},"end":{"line":63,"column":84}},{"start":{"line":63,"column":87},"end":{"line":63,"column":107}}]}},"s":{"0":3,"1":3,"2":3,"3":3,"4":3,"5":1,"6":1,"7":1,"8":1,"9":1,"10":1,"11":1,"12":1,"13":15,"14":15,"15":0,"16":0,"17":0,"18":0,"19":0,"20":0,"21":0,"22":0,"23":0,"24":0,"25":0,"26":0,"27":0,"28":0,"29":0,"30":0,"31":0,"32":0,"33":0,"34":0,"35":0,"36":3,"37":3},"f":{"0":1,"1":1,"2":0,"3":0},"b":{"0":[0,0],"1":[0,0],"2":[0,0],"3":[0,0],"4":[0,0],"5":[0,0,0],"6":[0,0],"7":[0,0],"8":[0,0],"9":[0,0],"10":[0,0],"11":[0,0],"12":[0,0]}}
,"C:\\git\\meteo-station-domotique\\src\\app\\meteo\\forecasts\\forecasts-card\\forecasts-card.component.ts": {"path":"C:\\git\\meteo-station-domotique\\src\\app\\meteo\\forecasts\\forecasts-card\\forecasts-card.component.ts","statementMap":{"0":{"start":{"line":1,"column":0},"end":{"line":1,"column":57}},"1":{"start":{"line":2,"column":0},"end":{"line":2,"column":58}},"2":{"start":{"line":8,"column":0},"end":{"line":19,"column":null}},"3":{"start":{"line":10,"column":11},"end":{"line":10,"column":null}},"4":{"start":{"line":8,"column":13},"end":{"line":19,"column":null}},"5":{"start":{"line":8,"column":13},"end":{"line":8,"column":35}}},"fnMap":{"0":{"name":"(anonymous_0)","decl":{"start":{"line":12,"column":2},"end":{"line":12,"column":null}},"loc":{"start":{"line":12,"column":2},"end":{"line":14,"column":3}}},"1":{"name":"(anonymous_1)","decl":{"start":{"line":16,"column":2},"end":{"line":16,"column":10}},"loc":{"start":{"line":16,"column":10},"end":{"line":17,"column":3}}}},"branchMap":{},"s":{"0":3,"1":3,"2":3,"3":3,"4":3,"5":3},"f":{"0":17,"1":17},"b":{}}
,"C:\\git\\meteo-station-domotique\\src\\app\\meteo\\station\\station.component.ts": {"path":"C:\\git\\meteo-station-domotique\\src\\app\\meteo\\station\\station.component.ts","statementMap":{"0":{"start":{"line":1,"column":0},"end":{"line":1,"column":50}},"1":{"start":{"line":8,"column":0},"end":{"line":32,"column":null}},"2":{"start":{"line":10,"column":2},"end":{"line":10,"column":21}},"3":{"start":{"line":11,"column":2},"end":{"line":11,"column":18}},"4":{"start":{"line":12,"column":2},"end":{"line":12,"column":21}},"5":{"start":{"line":20,"column":4},"end":{"line":20,"column":40}},"6":{"start":{"line":24,"column":4},"end":{"line":24,"column":34}},"7":{"start":{"line":28,"column":4},"end":{"line":28,"column":40}},"8":{"start":{"line":8,"column":13},"end":{"line":32,"column":null}},"9":{"start":{"line":8,"column":13},"end":{"line":8,"column":29}}},"fnMap":{"0":{"name":"(anonymous_0)","decl":{"start":{"line":14,"column":2},"end":{"line":14,"column":18}},"loc":{"start":{"line":14,"column":2},"end":{"line":14,"column":19}}},"1":{"name":"(anonymous_1)","decl":{"start":{"line":16,"column":2},"end":{"line":16,"column":10}},"loc":{"start":{"line":16,"column":10},"end":{"line":17,"column":3}}},"2":{"name":"(anonymous_2)","decl":{"start":{"line":19,"column":2},"end":{"line":19,"column":14}},"loc":{"start":{"line":19,"column":14},"end":{"line":21,"column":3}}},"3":{"name":"(anonymous_3)","decl":{"start":{"line":23,"column":2},"end":{"line":23,"column":11}},"loc":{"start":{"line":23,"column":11},"end":{"line":25,"column":3}}},"4":{"name":"(anonymous_4)","decl":{"start":{"line":27,"column":2},"end":{"line":27,"column":14}},"loc":{"start":{"line":27,"column":14},"end":{"line":29,"column":3}}}},"branchMap":{},"s":{"0":3,"1":3,"2":1,"3":1,"4":1,"5":0,"6":0,"7":0,"8":3,"9":3},"f":{"0":1,"1":1,"2":0,"3":0,"4":0},"b":{}}
,"C:\\git\\meteo-station-domotique\\src\\app\\meteo\\stats\\stats.component.ts": {"path":"C:\\git\\meteo-station-domotique\\src\\app\\meteo\\stats\\stats.component.ts","statementMap":{"0":{"start":{"line":1,"column":0},"end":{"line":1,"column":69}},"1":{"start":{"line":2,"column":0},"end":{"line":2,"column":66}},"2":{"start":{"line":3,"column":0},"end":{"line":3,"column":68}},"3":{"start":{"line":10,"column":0},"end":{"line":41,"column":null}},"4":{"start":{"line":12,"column":2},"end":{"line":12,"column":39}},"5":{"start":{"line":14,"column":2},"end":{"line":14,"column":33}},"6":{"start":{"line":17,"column":3},"end":{"line":17,"column":17}},"7":{"start":{"line":21,"column":4},"end":{"line":21,"column":27}},"8":{"start":{"line":25,"column":4},"end":{"line":25,"column":25}},"9":{"start":{"line":26,"column":4},"end":{"line":38,"column":null}},"10":{"start":{"line":26,"column":17},"end":{"line":26,"column":18}},"11":{"start":{"line":28,"column":23},"end":{"line":28,"column":53}},"12":{"start":{"line":29,"column":23},"end":{"line":29,"column":55}},"13":{"start":{"line":30,"column":26},"end":{"line":30,"column":56}},"14":{"start":{"line":32,"column":6},"end":{"line":37,"column":8}},"15":{"start":{"line":39,"column":4},"end":{"line":39,"column":30}},"16":{"start":{"line":10,"column":13},"end":{"line":41,"column":null}},"17":{"start":{"line":10,"column":13},"end":{"line":10,"column":27}}},"fnMap":{"0":{"name":"(anonymous_0)","decl":{"start":{"line":16,"column":2},"end":{"line":16,"column":null}},"loc":{"start":{"line":16,"column":2},"end":{"line":18,"column":3}}},"1":{"name":"(anonymous_1)","decl":{"start":{"line":20,"column":2},"end":{"line":20,"column":10}},"loc":{"start":{"line":20,"column":10},"end":{"line":22,"column":3}}},"2":{"name":"(anonymous_2)","decl":{"start":{"line":24,"column":2},"end":{"line":24,"column":8}},"loc":{"start":{"line":24,"column":8},"end":{"line":40,"column":3}}}},"branchMap":{},"s":{"0":4,"1":4,"2":4,"3":4,"4":1,"5":1,"6":1,"7":1,"8":1,"9":1,"10":1,"11":45,"12":45,"13":45,"14":45,"15":1,"16":4,"17":4},"f":{"0":1,"1":1,"2":1},"b":{}}
,"C:\\git\\meteo-station-domotique\\src\\app\\meteo\\stats\\graph\\graph.component.ts": {"path":"C:\\git\\meteo-station-domotique\\src\\app\\meteo\\stats\\graph\\graph.component.ts","statementMap":{"0":{"start":{"line":1,"column":0},"end":{"line":1,"column":57}},"1":{"start":{"line":2,"column":0},"end":{"line":2,"column":55}},"2":{"start":{"line":3,"column":0},"end":{"line":3,"column":32}},"3":{"start":{"line":6,"column":0},"end":{"line":6,"column":70}},"4":{"start":{"line":14,"column":0},"end":{"line":202,"column":null}},"5":{"start":{"line":70,"column":21},"end":{"line":70,"column":39}},"6":{"start":{"line":71,"column":21},"end":{"line":71,"column":41}},"7":{"start":{"line":19,"column":2},"end":{"line":19,"column":21}},"8":{"start":{"line":20,"column":2},"end":{"line":20,"column":13}},"9":{"start":{"line":21,"column":2},"end":{"line":21,"column":13}},"10":{"start":{"line":22,"column":2},"end":{"line":25,"column":4}},"11":{"start":{"line":26,"column":2},"end":{"line":64,"column":4}},"12":{"start":{"line":74,"column":4},"end":{"line":83,"column":7}},"13":{"start":{"line":80,"column":6},"end":{"line":82,"column":null}},"14":{"start":{"line":81,"column":8},"end":{"line":81,"column":30}},"15":{"start":{"line":85,"column":4},"end":{"line":94,"column":7}},"16":{"start":{"line":91,"column":6},"end":{"line":93,"column":null}},"17":{"start":{"line":92,"column":8},"end":{"line":92,"column":31}},"18":{"start":{"line":99,"column":4},"end":{"line":99,"column":21}},"19":{"start":{"line":100,"column":4},"end":{"line":103,"column":9}},"20":{"start":{"line":102,"column":8},"end":{"line":102,"column":25}},"21":{"start":{"line":108,"column":4},"end":{"line":108,"column":56}},"22":{"start":{"line":112,"column":4},"end":{"line":112,"column":29}},"23":{"start":{"line":116,"column":4},"end":{"line":116,"column":30}},"24":{"start":{"line":120,"column":4},"end":{"line":120,"column":58}},"25":{"start":{"line":121,"column":4},"end":{"line":121,"column":63}},"26":{"start":{"line":125,"column":4},"end":{"line":125,"column":67}},"27":{"start":{"line":129,"column":4},"end":{"line":129,"column":67}},"28":{"start":{"line":134,"column":17},"end":{"line":134,"column":19}},"29":{"start":{"line":135,"column":4},"end":{"line":141,"column":null}},"30":{"start":{"line":135,"column":17},"end":{"line":135,"column":18}},"31":{"start":{"line":136,"column":6},"end":{"line":140,"column":8}},"32":{"start":{"line":138,"column":10},"end":{"line":138,"column":32}},"33":{"start":{"line":143,"column":4},"end":{"line":147,"column":6}},"34":{"start":{"line":145,"column":8},"end":{"line":145,"column":47}},"35":{"start":{"line":149,"column":4},"end":{"line":153,"column":6}},"36":{"start":{"line":151,"column":8},"end":{"line":151,"column":47}},"37":{"start":{"line":155,"column":4},"end":{"line":159,"column":6}},"38":{"start":{"line":157,"column":8},"end":{"line":157,"column":42}},"39":{"start":{"line":161,"column":4},"end":{"line":165,"column":6}},"40":{"start":{"line":163,"column":8},"end":{"line":163,"column":33}},"41":{"start":{"line":167,"column":18},"end":{"line":167,"column":20}},"42":{"start":{"line":168,"column":14},"end":{"line":168,"column":15}},"43":{"start":{"line":169,"column":4},"end":{"line":192,"column":null}},"44":{"start":{"line":170,"column":6},"end":{"line":190,"column":null}},"45":{"start":{"line":172,"column":16},"end":{"line":172,"column":18}},"46":{"start":{"line":174,"column":21},"end":{"line":174,"column":43}},"47":{"start":{"line":175,"column":8},"end":{"line":186,"column":null}},"48":{"start":{"line":176,"column":22},"end":{"line":176,"column":36}},"49":{"start":{"line":177,"column":24},"end":{"line":177,"column":39}},"50":{"start":{"line":178,"column":23},"end":{"line":178,"column":41}},"51":{"start":{"line":179,"column":10},"end":{"line":179,"column":44}},"52":{"start":{"line":182,"column":26},"end":{"line":182,"column":36}},"53":{"start":{"line":183,"column":24},"end":{"line":183,"column":86}},"54":{"start":{"line":184,"column":26},"end":{"line":184,"column":94}},"55":{"start":{"line":185,"column":10},"end":{"line":185,"column":124}},"56":{"start":{"line":187,"column":8},"end":{"line":187,"column":51}},"57":{"start":{"line":188,"column":8},"end":{"line":188,"column":14}},"58":{"start":{"line":191,"column":6},"end":{"line":191,"column":25}},"59":{"start":{"line":196,"column":23},"end":{"line":196,"column":51}},"60":{"start":{"line":197,"column":22},"end":{"line":197,"column":49}},"61":{"start":{"line":198,"column":4},"end":{"line":198,"column":55}},"62":{"start":{"line":17,"column":11},"end":{"line":17,"column":null}},"63":{"start":{"line":14,"column":13},"end":{"line":202,"column":null}},"64":{"start":{"line":14,"column":13},"end":{"line":14,"column":27}}},"fnMap":{"0":{"name":"(anonymous_0)","decl":{"start":{"line":69,"column":2},"end":{"line":69,"column":null}},"loc":{"start":{"line":71,"column":59},"end":{"line":95,"column":3}}},"1":{"name":"(anonymous_1)","decl":{"start":{"line":79,"column":17},"end":{"line":79,"column":23}},"loc":{"start":{"line":79,"column":26},"end":{"line":83,"column":5}}},"2":{"name":"(anonymous_2)","decl":{"start":{"line":90,"column":17},"end":{"line":90,"column":23}},"loc":{"start":{"line":90,"column":26},"end":{"line":94,"column":5}}},"3":{"name":"(anonymous_3)","decl":{"start":{"line":98,"column":2},"end":{"line":98,"column":10}},"loc":{"start":{"line":98,"column":10},"end":{"line":104,"column":3}}},"4":{"name":"(anonymous_4)","decl":{"start":{"line":101,"column":6},"end":{"line":101,"column":9}},"loc":{"start":{"line":101,"column":11},"end":{"line":103,"column":7}}},"5":{"name":"(anonymous_5)","decl":{"start":{"line":107,"column":2},"end":{"line":107,"column":13}},"loc":{"start":{"line":107,"column":21},"end":{"line":109,"column":3}}},"6":{"name":"(anonymous_6)","decl":{"start":{"line":111,"column":2},"end":{"line":111,"column":13}},"loc":{"start":{"line":111,"column":24},"end":{"line":113,"column":3}}},"7":{"name":"(anonymous_7)","decl":{"start":{"line":115,"column":2},"end":{"line":115,"column":13}},"loc":{"start":{"line":115,"column":25},"end":{"line":117,"column":3}}},"8":{"name":"(anonymous_8)","decl":{"start":{"line":119,"column":10},"end":{"line":119,"column":16}},"loc":{"start":{"line":119,"column":48},"end":{"line":122,"column":3}}},"9":{"name":"(anonymous_9)","decl":{"start":{"line":124,"column":10},"end":{"line":124,"column":24}},"loc":{"start":{"line":124,"column":24},"end":{"line":126,"column":3}}},"10":{"name":"(anonymous_10)","decl":{"start":{"line":128,"column":10},"end":{"line":128,"column":25}},"loc":{"start":{"line":128,"column":25},"end":{"line":130,"column":3}}},"11":{"name":"(anonymous_11)","decl":{"start":{"line":132,"column":9},"end":{"line":132,"column":18}},"loc":{"start":{"line":132,"column":18},"end":{"line":193,"column":3}}},"12":{"name":"(anonymous_12)","decl":{"start":{"line":137,"column":8},"end":{"line":137,"column":9}},"loc":{"start":{"line":137,"column":32},"end":{"line":139,"column":9}}},"13":{"name":"(anonymous_13)","decl":{"start":{"line":144,"column":6},"end":{"line":144,"column":7}},"loc":{"start":{"line":144,"column":30},"end":{"line":146,"column":7}}},"14":{"name":"(anonymous_14)","decl":{"start":{"line":150,"column":6},"end":{"line":150,"column":7}},"loc":{"start":{"line":150,"column":30},"end":{"line":152,"column":7}}},"15":{"name":"(anonymous_15)","decl":{"start":{"line":156,"column":6},"end":{"line":156,"column":7}},"loc":{"start":{"line":156,"column":30},"end":{"line":158,"column":7}}},"16":{"name":"(anonymous_16)","decl":{"start":{"line":162,"column":6},"end":{"line":162,"column":7}},"loc":{"start":{"line":162,"column":30},"end":{"line":164,"column":7}}},"17":{"name":"(anonymous_17)","decl":{"start":{"line":195,"column":2},"end":{"line":195,"column":9}},"loc":{"start":{"line":195,"column":37},"end":{"line":199,"column":3}}}},"branchMap":{"0":{"loc":{"start":{"line":80,"column":6},"end":{"line":82,"column":null}},"type":"if","locations":[{"start":{"line":80,"column":6},"end":{"line":82,"column":null}},{"start":{"line":80,"column":6},"end":{"line":82,"column":null}}]},"1":{"loc":{"start":{"line":91,"column":6},"end":{"line":93,"column":null}},"type":"if","locations":[{"start":{"line":91,"column":6},"end":{"line":93,"column":null}},{"start":{"line":91,"column":6},"end":{"line":93,"column":null}}]},"2":{"loc":{"start":{"line":108,"column":11},"end":{"line":108,"column":30}},"type":"binary-expr","locations":[{"start":{"line":108,"column":11},"end":{"line":108,"column":30}},{"start":{"line":108,"column":34},"end":{"line":108,"column":55}}]},"3":{"loc":{"start":{"line":120,"column":27},"end":{"line":120,"column":32}},"type":"cond-expr","locations":[{"start":{"line":120,"column":27},"end":{"line":120,"column":32}},{"start":{"line":120,"column":35},"end":{"line":120,"column":57}}]},"4":{"loc":{"start":{"line":121,"column":29},"end":{"line":121,"column":35}},"type":"cond-expr","locations":[{"start":{"line":121,"column":29},"end":{"line":121,"column":35}},{"start":{"line":121,"column":38},"end":{"line":121,"column":61}}]},"5":{"loc":{"start":{"line":169,"column":4},"end":{"line":192,"column":null}},"type":"if","locations":[{"start":{"line":169,"column":4},"end":{"line":192,"column":null}},{"start":{"line":169,"column":4},"end":{"line":192,"column":null}}]},"6":{"loc":{"start":{"line":175,"column":8},"end":{"line":186,"column":null}},"type":"if","locations":[{"start":{"line":175,"column":8},"end":{"line":186,"column":null}},{"start":{"line":175,"column":8},"end":{"line":186,"column":null}}]},"7":{"loc":{"start":{"line":183,"column":47},"end":{"line":183,"column":68}},"type":"cond-expr","locations":[{"start":{"line":183,"column":47},"end":{"line":183,"column":68}},{"start":{"line":183,"column":71},"end":{"line":183,"column":86}}]},"8":{"loc":{"start":{"line":184,"column":51},"end":{"line":184,"column":74}},"type":"cond-expr","locations":[{"start":{"line":184,"column":51},"end":{"line":184,"column":74}},{"start":{"line":184,"column":77},"end":{"line":184,"column":94}}]},"9":{"loc":{"start":{"line":185,"column":57},"end":{"line":185,"column":92}},"type":"cond-expr","locations":[{"start":{"line":185,"column":57},"end":{"line":185,"column":92}},{"start":{"line":185,"column":95},"end":{"line":185,"column":97}}]}},"s":{"0":5,"1":5,"2":5,"3":5,"4":5,"5":2,"6":2,"7":2,"8":2,"9":2,"10":2,"11":2,"12":2,"13":2,"14":0,"15":2,"16":2,"17":0,"18":2,"19":2,"20":0,"21":4,"22":0,"23":0,"24":0,"25":0,"26":0,"27":0,"28":2,"29":2,"30":2,"31":14,"32":0,"33":2,"34":0,"35":2,"36":0,"37":2,"38":0,"39":2,"40":0,"41":2,"42":2,"43":2,"44":1,"45":45,"46":45,"47":45,"48":1,"49":1,"50":1,"51":1,"52":44,"53":44,"54":44,"55":44,"56":45,"57":45,"58":1,"59":87,"60":87,"61":87,"62":5,"63":5,"64":5},"f":{"0":2,"1":2,"2":2,"3":2,"4":0,"5":4,"6":0,"7":0,"8":0,"9":0,"10":0,"11":2,"12":0,"13":0,"14":0,"15":0,"16":0,"17":87},"b":{"0":[0,2],"1":[0,2],"2":[4,4],"3":[0,0],"4":[0,0],"5":[1,1],"6":[1,44],"7":[0,44],"8":[0,44],"9":[43,1]}}
}
