{"C:\\git\\new-meteo-station-domotique\\src\\app\\app.component.ts": {"path":"C:\\git\\new-meteo-station-domotique\\src\\app\\app.component.ts","statementMap":{"0":{"start":{"line":1,"column":0},"end":{"line":1,"column":101}},"1":{"start":{"line":3,"column":0},"end":{"line":3,"column":55}},"2":{"start":{"line":10,"column":0},"end":{"line":23,"column":null}},"3":{"start":{"line":18,"column":32},"end":{"line":18,"column":50}},"4":{"start":{"line":19,"column":4},"end":{"line":19,"column":36}},"5":{"start":{"line":15,"column":4},"end":{"line":15,"column":70}},"6":{"start":{"line":12,"column":40},"end":{"line":12,"column":null}},"7":{"start":{"line":10,"column":13},"end":{"line":23,"column":null}},"8":{"start":{"line":10,"column":13},"end":{"line":10,"column":25}}},"fnMap":{"0":{"name":"(anonymous_0)","decl":{"start":{"line":18,"column":2},"end":{"line":18,"column":32}},"loc":{"start":{"line":18,"column":66},"end":{"line":20,"column":3}}},"1":{"name":"(anonymous_1)","decl":{"start":{"line":14,"column":2},"end":{"line":14,"column":14}},"loc":{"start":{"line":14,"column":29},"end":{"line":16,"column":3}}}},"branchMap":{},"s":{"0":0,"1":0,"2":0,"3":0,"4":0,"5":0,"6":0,"7":0,"8":0},"f":{"0":0,"1":0},"b":{}}
,"C:\\git\\new-meteo-station-domotique\\src\\app\\auth\\login\\login.component.ts": {"path":"C:\\git\\new-meteo-station-domotique\\src\\app\\auth\\login\\login.component.ts","statementMap":{"0":{"start":{"line":1,"column":0},"end":{"line":1,"column":50}},"1":{"start":{"line":8,"column":0},"end":{"line":15,"column":null}},"2":{"start":{"line":8,"column":13},"end":{"line":15,"column":null}},"3":{"start":{"line":8,"column":13},"end":{"line":8,"column":27}}},"fnMap":{"0":{"name":"(anonymous_0)","decl":{"start":{"line":10,"column":2},"end":{"line":10,"column":18}},"loc":{"start":{"line":10,"column":2},"end":{"line":10,"column":19}}},"1":{"name":"(anonymous_1)","decl":{"start":{"line":12,"column":2},"end":{"line":12,"column":10}},"loc":{"start":{"line":12,"column":10},"end":{"line":13,"column":3}}}},"branchMap":{},"s":{"0":1,"1":1,"2":1,"3":1},"f":{"0":1,"1":1},"b":{}}
,"C:\\git\\new-meteo-station-domotique\\src\\app\\auth\\unauthenticated\\unauthenticated.component.ts": {"path":"C:\\git\\new-meteo-station-domotique\\src\\app\\auth\\unauthenticated\\unauthenticated.component.ts","statementMap":{"0":{"start":{"line":1,"column":0},"end":{"line":1,"column":50}},"1":{"start":{"line":8,"column":0},"end":{"line":15,"column":null}},"2":{"start":{"line":8,"column":13},"end":{"line":15,"column":null}},"3":{"start":{"line":8,"column":13},"end":{"line":8,"column":37}}},"fnMap":{"0":{"name":"(anonymous_0)","decl":{"start":{"line":10,"column":2},"end":{"line":10,"column":18}},"loc":{"start":{"line":10,"column":2},"end":{"line":10,"column":19}}},"1":{"name":"(anonymous_1)","decl":{"start":{"line":12,"column":2},"end":{"line":12,"column":10}},"loc":{"start":{"line":12,"column":10},"end":{"line":13,"column":3}}}},"branchMap":{},"s":{"0":1,"1":1,"2":1,"3":1},"f":{"0":1,"1":1},"b":{}}
,"C:\\git\\new-meteo-station-domotique\\src\\app\\devices\\devices.component.ts": {"path":"C:\\git\\new-meteo-station-domotique\\src\\app\\devices\\devices.component.ts","statementMap":{"0":{"start":{"line":1,"column":0},"end":{"line":1,"column":50}},"1":{"start":{"line":2,"column":0},"end":{"line":2,"column":53}},"2":{"start":{"line":5,"column":0},"end":{"line":5,"column":80}},"3":{"start":{"line":12,"column":0},"end":{"line":46,"column":null}},"4":{"start":{"line":18,"column":21},"end":{"line":18,"column":29}},"5":{"start":{"line":14,"column":2},"end":{"line":14,"column":67}},"6":{"start":{"line":16,"column":2},"end":{"line":16,"column":25}},"7":{"start":{"line":23,"column":22},"end":{"line":26,"column":6}},"8":{"start":{"line":28,"column":4},"end":{"line":30,"column":7}},"9":{"start":{"line":29,"column":6},"end":{"line":29,"column":43}},"10":{"start":{"line":34,"column":4},"end":{"line":43,"column":null}},"11":{"start":{"line":34,"column":17},"end":{"line":34,"column":18}},"12":{"start":{"line":35,"column":6},"end":{"line":42,"column":9}},"13":{"start":{"line":12,"column":13},"end":{"line":46,"column":null}},"14":{"start":{"line":12,"column":13},"end":{"line":12,"column":29}}},"fnMap":{"0":{"name":"(anonymous_0)","decl":{"start":{"line":18,"column":2},"end":{"line":18,"column":21}},"loc":{"start":{"line":18,"column":38},"end":{"line":20,"column":3}}},"1":{"name":"(anonymous_1)","decl":{"start":{"line":22,"column":2},"end":{"line":22,"column":12}},"loc":{"start":{"line":22,"column":27},"end":{"line":31,"column":3}}},"2":{"name":"(anonymous_2)","decl":{"start":{"line":28,"column":38},"end":{"line":28,"column":44}},"loc":{"start":{"line":28,"column":47},"end":{"line":30,"column":5}}},"3":{"name":"(anonymous_3)","decl":{"start":{"line":33,"column":2},"end":{"line":33,"column":10}},"loc":{"start":{"line":33,"column":10},"end":{"line":44,"column":3}}}},"branchMap":{},"s":{"0":1,"1":1,"2":1,"3":1,"4":1,"5":1,"6":1,"7":0,"8":0,"9":0,"10":1,"11":1,"12":5,"13":1,"14":1},"f":{"0":1,"1":0,"2":0,"3":1},"b":{}}
,"C:\\git\\new-meteo-station-domotique\\src\\app\\devices\\device-detail\\device-detail.component.ts": {"path":"C:\\git\\new-meteo-station-domotique\\src\\app\\devices\\device-detail\\device-detail.component.ts","statementMap":{"0":{"start":{"line":1,"column":0},"end":{"line":1,"column":58}},"1":{"start":{"line":2,"column":0},"end":{"line":2,"column":73}},"2":{"start":{"line":3,"column":0},"end":{"line":3,"column":59}},"3":{"start":{"line":10,"column":0},"end":{"line":25,"column":null}},"4":{"start":{"line":20,"column":21},"end":{"line":20,"column":32}},"5":{"start":{"line":20,"column":101},"end":{"line":20,"column":107}},"6":{"start":{"line":12,"column":2},"end":{"line":18,"column":4}},"7":{"start":{"line":10,"column":13},"end":{"line":25,"column":null}},"8":{"start":{"line":10,"column":13},"end":{"line":10,"column":34}}},"fnMap":{"0":{"name":"(anonymous_0)","decl":{"start":{"line":20,"column":2},"end":{"line":20,"column":21}},"loc":{"start":{"line":20,"column":113},"end":{"line":20,"column":118}}},"1":{"name":"(anonymous_1)","decl":{"start":{"line":22,"column":2},"end":{"line":22,"column":10}},"loc":{"start":{"line":22,"column":10},"end":{"line":24,"column":3}}}},"branchMap":{},"s":{"0":2,"1":2,"2":2,"3":2,"4":1,"5":1,"6":1,"7":2,"8":2},"f":{"0":1,"1":1},"b":{}}
,"C:\\git\\new-meteo-station-domotique\\src\\app\\devices\\play-with-led\\play-with-led.component.ts": {"path":"C:\\git\\new-meteo-station-domotique\\src\\app\\devices\\play-with-led\\play-with-led.component.ts","statementMap":{"0":{"start":{"line":1,"column":0},"end":{"line":1,"column":50}},"1":{"start":{"line":8,"column":0},"end":{"line":15,"column":null}},"2":{"start":{"line":8,"column":13},"end":{"line":15,"column":null}},"3":{"start":{"line":8,"column":13},"end":{"line":8,"column":33}}},"fnMap":{"0":{"name":"(anonymous_0)","decl":{"start":{"line":10,"column":2},"end":{"line":10,"column":18}},"loc":{"start":{"line":10,"column":2},"end":{"line":10,"column":19}}},"1":{"name":"(anonymous_1)","decl":{"start":{"line":12,"column":2},"end":{"line":12,"column":10}},"loc":{"start":{"line":12,"column":10},"end":{"line":13,"column":3}}}},"branchMap":{},"s":{"0":1,"1":1,"2":1,"3":1},"f":{"0":1,"1":1},"b":{}}
,"C:\\git\\new-meteo-station-domotique\\src\\app\\generic\\core\\service\\package-json.service.ts": {"path":"C:\\git\\new-meteo-station-domotique\\src\\app\\generic\\core\\service\\package-json.service.ts","statementMap":{"0":{"start":{"line":1,"column":0},"end":{"line":1,"column":43}},"1":{"start":{"line":2,"column":0},"end":{"line":2,"column":82}},"2":{"start":{"line":16,"column":0},"end":{"line":34,"column":null}},"3":{"start":{"line":17,"column":2},"end":{"line":17,"column":28}},"4":{"start":{"line":18,"column":2},"end":{"line":18,"column":22}},"5":{"start":{"line":20,"column":2},"end":{"line":20,"column":24}},"6":{"start":{"line":21,"column":2},"end":{"line":21,"column":36}},"7":{"start":{"line":27,"column":4},"end":{"line":32,"column":null}},"8":{"start":{"line":16,"column":13},"end":{"line":34,"column":null}},"9":{"start":{"line":16,"column":13},"end":{"line":16,"column":31}}},"fnMap":{"0":{"name":"(anonymous_0)","decl":{"start":{"line":22,"column":2},"end":{"line":22,"column":null}},"loc":{"start":{"line":22,"column":2},"end":{"line":24,"column":3}}},"1":{"name":"(anonymous_1)","decl":{"start":{"line":26,"column":2},"end":{"line":26,"column":13}},"loc":{"start":{"line":26,"column":18},"end":{"line":33,"column":3}}}},"branchMap":{},"s":{"0":0,"1":0,"2":0,"3":0,"4":0,"5":0,"6":0,"7":0,"8":0,"9":0},"f":{"0":0,"1":0},"b":{}}
,"C:\\git\\new-meteo-station-domotique\\src\\app\\generic\\global-layout\\footer\\footer.component.ts": {"path":"C:\\git\\new-meteo-station-domotique\\src\\app\\generic\\global-layout\\footer\\footer.component.ts","statementMap":{"0":{"start":{"line":1,"column":0},"end":{"line":1,"column":87}},"1":{"start":{"line":2,"column":0},"end":{"line":2,"column":50}},"2":{"start":{"line":3,"column":0},"end":{"line":3,"column":95}},"3":{"start":{"line":9,"column":0},"end":{"line":27,"column":null}},"4":{"start":{"line":14,"column":31},"end":{"line":14,"column":38}},"5":{"start":{"line":15,"column":31},"end":{"line":15,"column":51}},"6":{"start":{"line":12,"column":12},"end":{"line":12,"column":55}},"7":{"start":{"line":18,"column":4},"end":{"line":18,"column":41}},"8":{"start":{"line":22,"column":4},"end":{"line":25,"column":null}},"9":{"start":{"line":23,"column":6},"end":{"line":23,"column":33}},"10":{"start":{"line":24,"column":6},"end":{"line":24,"column":68}},"11":{"start":{"line":11,"column":40},"end":{"line":11,"column":null}},"12":{"start":{"line":12,"column":12},"end":{"line":12,"column":null}},"13":{"start":{"line":9,"column":13},"end":{"line":27,"column":null}},"14":{"start":{"line":9,"column":13},"end":{"line":9,"column":28}}},"fnMap":{"0":{"name":"(anonymous_0)","decl":{"start":{"line":14,"column":2},"end":{"line":14,"column":31}},"loc":{"start":{"line":15,"column":69},"end":{"line":15,"column":74}}},"1":{"name":"(anonymous_1)","decl":{"start":{"line":17,"column":2},"end":{"line":17,"column":13}},"loc":{"start":{"line":17,"column":18},"end":{"line":19,"column":3}}},"2":{"name":"(anonymous_2)","decl":{"start":{"line":21,"column":2},"end":{"line":21,"column":8}},"loc":{"start":{"line":21,"column":8},"end":{"line":26,"column":3}}}},"branchMap":{"0":{"loc":{"start":{"line":22,"column":4},"end":{"line":25,"column":null}},"type":"if","locations":[{"start":{"line":22,"column":4},"end":{"line":25,"column":null}},{"start":{"line":22,"column":4},"end":{"line":25,"column":null}}]}},"s":{"0":0,"1":0,"2":0,"3":0,"4":0,"5":0,"6":0,"7":0,"8":0,"9":0,"10":0,"11":0,"12":0,"13":0,"14":0},"f":{"0":0,"1":0,"2":0},"b":{"0":[0,0]}}
,"C:\\git\\new-meteo-station-domotique\\src\\app\\generic\\global-layout\\header\\header.component.ts": {"path":"C:\\git\\new-meteo-station-domotique\\src\\app\\generic\\global-layout\\header\\header.component.ts","statementMap":{"0":{"start":{"line":1,"column":0},"end":{"line":1,"column":50}},"1":{"start":{"line":9,"column":0},"end":{"line":14,"column":null}},"2":{"start":{"line":9,"column":13},"end":{"line":14,"column":null}},"3":{"start":{"line":9,"column":13},"end":{"line":9,"column":28}}},"fnMap":{"0":{"name":"(anonymous_0)","decl":{"start":{"line":11,"column":2},"end":{"line":11,"column":10}},"loc":{"start":{"line":11,"column":10},"end":{"line":12,"column":3}}}},"branchMap":{},"s":{"0":0,"1":0,"2":0,"3":0},"f":{"0":0},"b":{}}
,"C:\\git\\new-meteo-station-domotique\\src\\app\\generic\\global-layout\\menu\\menu.component.ts": {"path":"C:\\git\\new-meteo-station-domotique\\src\\app\\generic\\global-layout\\menu\\menu.component.ts","statementMap":{"0":{"start":{"line":1,"column":0},"end":{"line":1,"column":127}},"1":{"start":{"line":2,"column":0},"end":{"line":2,"column":56}},"2":{"start":{"line":3,"column":0},"end":{"line":3,"column":55}},"3":{"start":{"line":4,"column":0},"end":{"line":4,"column":95}},"4":{"start":{"line":5,"column":0},"end":{"line":5,"column":50}},"5":{"start":{"line":6,"column":0},"end":{"line":6,"column":53}},"6":{"start":{"line":14,"column":0},"end":{"line":52,"column":null}},"7":{"start":{"line":28,"column":31},"end":{"line":28,"column":51}},"8":{"start":{"line":29,"column":31},"end":{"line":29,"column":49}},"9":{"start":{"line":22,"column":2},"end":{"line":22,"column":27}},"10":{"start":{"line":24,"column":2},"end":{"line":24,"column":24}},"11":{"start":{"line":26,"column":2},"end":{"line":26,"column":19}},"12":{"start":{"line":31,"column":4},"end":{"line":31,"column":62}},"13":{"start":{"line":39,"column":4},"end":{"line":39,"column":41}},"14":{"start":{"line":43,"column":4},"end":{"line":45,"column":14}},"15":{"start":{"line":44,"column":6},"end":{"line":44,"column":31}},"16":{"start":{"line":49,"column":4},"end":{"line":49,"column":53}},"17":{"start":{"line":17,"column":2},"end":{"line":17,"column":null}},"18":{"start":{"line":20,"column":2},"end":{"line":20,"column":null}},"19":{"start":{"line":14,"column":13},"end":{"line":52,"column":null}},"20":{"start":{"line":14,"column":13},"end":{"line":14,"column":26}}},"fnMap":{"0":{"name":"(anonymous_0)","decl":{"start":{"line":28,"column":2},"end":{"line":28,"column":31}},"loc":{"start":{"line":29,"column":65},"end":{"line":33,"column":3}}},"1":{"name":"(anonymous_1)","decl":{"start":{"line":35,"column":2},"end":{"line":35,"column":10}},"loc":{"start":{"line":35,"column":10},"end":{"line":36,"column":3}}},"2":{"name":"(anonymous_2)","decl":{"start":{"line":38,"column":2},"end":{"line":38,"column":13}},"loc":{"start":{"line":38,"column":18},"end":{"line":40,"column":3}}},"3":{"name":"(anonymous_3)","decl":{"start":{"line":42,"column":2},"end":{"line":42,"column":14}},"loc":{"start":{"line":42,"column":14},"end":{"line":46,"column":3}}},"4":{"name":"(anonymous_4)","decl":{"start":{"line":43,"column":15},"end":{"line":43,"column":18}},"loc":{"start":{"line":43,"column":20},"end":{"line":45,"column":5}}},"5":{"name":"(anonymous_5)","decl":{"start":{"line":48,"column":2},"end":{"line":48,"column":16}},"loc":{"start":{"line":48,"column":20},"end":{"line":50,"column":3}}}},"branchMap":{},"s":{"0":0,"1":0,"2":0,"3":0,"4":0,"5":0,"6":0,"7":0,"8":0,"9":0,"10":0,"11":0,"12":0,"13":0,"14":0,"15":0,"16":0,"17":0,"18":0,"19":0,"20":0},"f":{"0":0,"1":0,"2":0,"3":0,"4":0,"5":0},"b":{}}
,"C:\\git\\new-meteo-station-domotique\\src\\app\\home\\home.component.ts": {"path":"C:\\git\\new-meteo-station-domotique\\src\\app\\home\\home.component.ts","statementMap":{"0":{"start":{"line":1,"column":0},"end":{"line":1,"column":50}},"1":{"start":{"line":2,"column":0},"end":{"line":2,"column":100}},"2":{"start":{"line":9,"column":0},"end":{"line":20,"column":null}},"3":{"start":{"line":11,"column":31},"end":{"line":11,"column":51}},"4":{"start":{"line":17,"column":4},"end":{"line":17,"column":41}},"5":{"start":{"line":9,"column":13},"end":{"line":20,"column":null}},"6":{"start":{"line":9,"column":13},"end":{"line":9,"column":26}}},"fnMap":{"0":{"name":"(anonymous_0)","decl":{"start":{"line":11,"column":2},"end":{"line":11,"column":31}},"loc":{"start":{"line":11,"column":69},"end":{"line":11,"column":74}}},"1":{"name":"(anonymous_1)","decl":{"start":{"line":13,"column":2},"end":{"line":13,"column":10}},"loc":{"start":{"line":13,"column":10},"end":{"line":14,"column":3}}},"2":{"name":"(anonymous_2)","decl":{"start":{"line":16,"column":2},"end":{"line":16,"column":13}},"loc":{"start":{"line":16,"column":18},"end":{"line":18,"column":3}}}},"branchMap":{},"s":{"0":0,"1":0,"2":0,"3":0,"4":0,"5":0,"6":0},"f":{"0":0,"1":0,"2":0},"b":{}}
,"C:\\git\\new-meteo-station-domotique\\src\\app\\meteo\\forecasts\\forecasts.component.ts": {"path":"C:\\git\\new-meteo-station-domotique\\src\\app\\meteo\\forecasts\\forecasts.component.ts","statementMap":{"0":{"start":{"line":1,"column":0},"end":{"line":1,"column":50}},"1":{"start":{"line":2,"column":0},"end":{"line":2,"column":57}},"2":{"start":{"line":3,"column":0},"end":{"line":3,"column":63}},"3":{"start":{"line":4,"column":0},"end":{"line":4,"column":67}},"4":{"start":{"line":14,"column":0},"end":{"line":71,"column":null}},"5":{"start":{"line":17,"column":2},"end":{"line":17,"column":31}},"6":{"start":{"line":18,"column":2},"end":{"line":18,"column":26}},"7":{"start":{"line":23,"column":15},"end":{"line":23,"column":25}},"8":{"start":{"line":26,"column":4},"end":{"line":26,"column":null}},"9":{"start":{"line":28,"column":4},"end":{"line":33,"column":null}},"10":{"start":{"line":28,"column":17},"end":{"line":28,"column":18}},"11":{"start":{"line":29,"column":6},"end":{"line":29,"column":49}},"12":{"start":{"line":31,"column":6},"end":{"line":32,"column":null}},"13":{"start":{"line":40,"column":4},"end":{"line":46,"column":null}},"14":{"start":{"line":41,"column":38},"end":{"line":41,"column":96}},"15":{"start":{"line":42,"column":6},"end":{"line":42,"column":32}},"16":{"start":{"line":43,"column":10},"end":{"line":46,"column":null}},"17":{"start":{"line":44,"column":38},"end":{"line":44,"column":60}},"18":{"start":{"line":45,"column":6},"end":{"line":45,"column":32}},"19":{"start":{"line":50,"column":17},"end":{"line":50,"column":37}},"20":{"start":{"line":51,"column":20},"end":{"line":51,"column":41}},"21":{"start":{"line":52,"column":19},"end":{"line":52,"column":69}},"22":{"start":{"line":54,"column":4},"end":{"line":68,"column":null}},"23":{"start":{"line":55,"column":6},"end":{"line":55,"column":30}},"24":{"start":{"line":56,"column":6},"end":{"line":56,"column":28}},"25":{"start":{"line":57,"column":11},"end":{"line":68,"column":null}},"26":{"start":{"line":58,"column":24},"end":{"line":58,"column":86}},"27":{"start":{"line":59,"column":23},"end":{"line":59,"column":44}},"28":{"start":{"line":60,"column":6},"end":{"line":67,"column":null}},"29":{"start":{"line":61,"column":22},"end":{"line":61,"column":60}},"30":{"start":{"line":62,"column":8},"end":{"line":66,"column":null}},"31":{"start":{"line":63,"column":12},"end":{"line":63,"column":112}},"32":{"start":{"line":64,"column":15},"end":{"line":66,"column":null}},"33":{"start":{"line":65,"column":10},"end":{"line":65,"column":110}},"34":{"start":{"line":14,"column":13},"end":{"line":71,"column":null}},"35":{"start":{"line":14,"column":13},"end":{"line":14,"column":31}}},"fnMap":{"0":{"name":"(anonymous_0)","decl":{"start":{"line":21,"column":2},"end":{"line":21,"column":null}},"loc":{"start":{"line":21,"column":2},"end":{"line":34,"column":3}}},"1":{"name":"(anonymous_1)","decl":{"start":{"line":36,"column":2},"end":{"line":36,"column":10}},"loc":{"start":{"line":36,"column":10},"end":{"line":37,"column":3}}},"2":{"name":"(anonymous_2)","decl":{"start":{"line":39,"column":2},"end":{"line":39,"column":7}},"loc":{"start":{"line":39,"column":30},"end":{"line":47,"column":3}}},"3":{"name":"(anonymous_3)","decl":{"start":{"line":49,"column":2},"end":{"line":49,"column":9}},"loc":{"start":{"line":49,"column":47},"end":{"line":69,"column":3}}}},"branchMap":{"0":{"loc":{"start":{"line":40,"column":4},"end":{"line":46,"column":null}},"type":"if","locations":[{"start":{"line":40,"column":4},"end":{"line":46,"column":null}},{"start":{"line":40,"column":4},"end":{"line":46,"column":null}}]},"1":{"loc":{"start":{"line":43,"column":10},"end":{"line":46,"column":null}},"type":"if","locations":[{"start":{"line":43,"column":10},"end":{"line":46,"column":null}},{"start":{"line":43,"column":10},"end":{"line":46,"column":null}}]},"2":{"loc":{"start":{"line":54,"column":4},"end":{"line":68,"column":null}},"type":"if","locations":[{"start":{"line":54,"column":4},"end":{"line":68,"column":null}},{"start":{"line":54,"column":4},"end":{"line":68,"column":null}}]},"3":{"loc":{"start":{"line":57,"column":11},"end":{"line":68,"column":null}},"type":"if","locations":[{"start":{"line":57,"column":11},"end":{"line":68,"column":null}},{"start":{"line":57,"column":11},"end":{"line":68,"column":null}}]},"4":{"loc":{"start":{"line":60,"column":6},"end":{"line":67,"column":null}},"type":"if","locations":[{"start":{"line":60,"column":6},"end":{"line":67,"column":null}},{"start":{"line":60,"column":6},"end":{"line":67,"column":null}}]},"5":{"loc":{"start":{"line":60,"column":10},"end":{"line":60,"column":25}},"type":"binary-expr","locations":[{"start":{"line":60,"column":10},"end":{"line":60,"column":25}},{"start":{"line":60,"column":29},"end":{"line":60,"column":56}},{"start":{"line":60,"column":61},"end":{"line":60,"column":112}}]},"6":{"loc":{"start":{"line":61,"column":41},"end":{"line":61,"column":47}},"type":"cond-expr","locations":[{"start":{"line":61,"column":41},"end":{"line":61,"column":47}},{"start":{"line":61,"column":50},"end":{"line":61,"column":60}}]},"7":{"loc":{"start":{"line":62,"column":8},"end":{"line":66,"column":null}},"type":"if","locations":[{"start":{"line":62,"column":8},"end":{"line":66,"column":null}},{"start":{"line":62,"column":8},"end":{"line":66,"column":null}}]},"8":{"loc":{"start":{"line":63,"column":40},"end":{"line":63,"column":70}},"type":"cond-expr","locations":[{"start":{"line":63,"column":40},"end":{"line":63,"column":70}},{"start":{"line":63,"column":75},"end":{"line":63,"column":109}}]},"9":{"loc":{"start":{"line":63,"column":85},"end":{"line":63,"column":86}},"type":"cond-expr","locations":[{"start":{"line":63,"column":85},"end":{"line":63,"column":86}},{"start":{"line":63,"column":89},"end":{"line":63,"column":109}}]},"10":{"loc":{"start":{"line":64,"column":15},"end":{"line":66,"column":null}},"type":"if","locations":[{"start":{"line":64,"column":15},"end":{"line":66,"column":null}},{"start":{"line":64,"column":15},"end":{"line":66,"column":null}}]},"11":{"loc":{"start":{"line":65,"column":38},"end":{"line":65,"column":68}},"type":"cond-expr","locations":[{"start":{"line":65,"column":38},"end":{"line":65,"column":68}},{"start":{"line":65,"column":73},"end":{"line":65,"column":107}}]},"12":{"loc":{"start":{"line":65,"column":83},"end":{"line":65,"column":84}},"type":"cond-expr","locations":[{"start":{"line":65,"column":83},"end":{"line":65,"column":84}},{"start":{"line":65,"column":87},"end":{"line":65,"column":107}}]}},"s":{"0":3,"1":3,"2":3,"3":3,"4":3,"5":1,"6":1,"7":1,"8":1,"9":1,"10":1,"11":15,"12":15,"13":0,"14":0,"15":0,"16":0,"17":0,"18":0,"19":0,"20":0,"21":0,"22":0,"23":0,"24":0,"25":0,"26":0,"27":0,"28":0,"29":0,"30":0,"31":0,"32":0,"33":0,"34":3,"35":3},"f":{"0":1,"1":1,"2":0,"3":0},"b":{"0":[0,0],"1":[0,0],"2":[0,0],"3":[0,0],"4":[0,0],"5":[0,0,0],"6":[0,0],"7":[0,0],"8":[0,0],"9":[0,0],"10":[0,0],"11":[0,0],"12":[0,0]}}
,"C:\\git\\new-meteo-station-domotique\\src\\app\\meteo\\forecasts\\forecasts-card\\forecasts-card.component.ts": {"path":"C:\\git\\new-meteo-station-domotique\\src\\app\\meteo\\forecasts\\forecasts-card\\forecasts-card.component.ts","statementMap":{"0":{"start":{"line":1,"column":0},"end":{"line":1,"column":57}},"1":{"start":{"line":2,"column":0},"end":{"line":2,"column":58}},"2":{"start":{"line":8,"column":0},"end":{"line":21,"column":null}},"3":{"start":{"line":10,"column":11},"end":{"line":10,"column":null}},"4":{"start":{"line":12,"column":11},"end":{"line":12,"column":null}},"5":{"start":{"line":8,"column":13},"end":{"line":21,"column":null}},"6":{"start":{"line":8,"column":13},"end":{"line":8,"column":35}}},"fnMap":{"0":{"name":"(anonymous_0)","decl":{"start":{"line":14,"column":2},"end":{"line":14,"column":null}},"loc":{"start":{"line":14,"column":2},"end":{"line":16,"column":3}}},"1":{"name":"(anonymous_1)","decl":{"start":{"line":18,"column":2},"end":{"line":18,"column":10}},"loc":{"start":{"line":18,"column":10},"end":{"line":19,"column":3}}}},"branchMap":{},"s":{"0":3,"1":3,"2":3,"3":3,"4":3,"5":3,"6":3},"f":{"0":17,"1":17},"b":{}}
,"C:\\git\\new-meteo-station-domotique\\src\\app\\meteo\\station\\station.component.ts": {"path":"C:\\git\\new-meteo-station-domotique\\src\\app\\meteo\\station\\station.component.ts","statementMap":{"0":{"start":{"line":1,"column":0},"end":{"line":1,"column":50}},"1":{"start":{"line":8,"column":0},"end":{"line":32,"column":null}},"2":{"start":{"line":10,"column":2},"end":{"line":10,"column":21}},"3":{"start":{"line":11,"column":2},"end":{"line":11,"column":18}},"4":{"start":{"line":12,"column":2},"end":{"line":12,"column":21}},"5":{"start":{"line":20,"column":4},"end":{"line":20,"column":40}},"6":{"start":{"line":24,"column":4},"end":{"line":24,"column":34}},"7":{"start":{"line":28,"column":4},"end":{"line":28,"column":40}},"8":{"start":{"line":8,"column":13},"end":{"line":32,"column":null}},"9":{"start":{"line":8,"column":13},"end":{"line":8,"column":29}}},"fnMap":{"0":{"name":"(anonymous_0)","decl":{"start":{"line":14,"column":2},"end":{"line":14,"column":18}},"loc":{"start":{"line":14,"column":2},"end":{"line":14,"column":19}}},"1":{"name":"(anonymous_1)","decl":{"start":{"line":16,"column":2},"end":{"line":16,"column":10}},"loc":{"start":{"line":16,"column":10},"end":{"line":17,"column":3}}},"2":{"name":"(anonymous_2)","decl":{"start":{"line":19,"column":2},"end":{"line":19,"column":14}},"loc":{"start":{"line":19,"column":14},"end":{"line":21,"column":3}}},"3":{"name":"(anonymous_3)","decl":{"start":{"line":23,"column":2},"end":{"line":23,"column":11}},"loc":{"start":{"line":23,"column":11},"end":{"line":25,"column":3}}},"4":{"name":"(anonymous_4)","decl":{"start":{"line":27,"column":2},"end":{"line":27,"column":14}},"loc":{"start":{"line":27,"column":14},"end":{"line":29,"column":3}}}},"branchMap":{},"s":{"0":3,"1":3,"2":1,"3":1,"4":1,"5":0,"6":0,"7":0,"8":3,"9":3},"f":{"0":1,"1":1,"2":0,"3":0,"4":0},"b":{}}
,"C:\\git\\new-meteo-station-domotique\\src\\app\\meteo\\stats\\stats.component.ts": {"path":"C:\\git\\new-meteo-station-domotique\\src\\app\\meteo\\stats\\stats.component.ts","statementMap":{"0":{"start":{"line":1,"column":0},"end":{"line":1,"column":50}},"1":{"start":{"line":2,"column":0},"end":{"line":2,"column":66}},"2":{"start":{"line":3,"column":0},"end":{"line":3,"column":68}},"3":{"start":{"line":10,"column":0},"end":{"line":34,"column":null}},"4":{"start":{"line":12,"column":2},"end":{"line":12,"column":33}},"5":{"start":{"line":15,"column":4},"end":{"line":27,"column":null}},"6":{"start":{"line":15,"column":16},"end":{"line":15,"column":17}},"7":{"start":{"line":17,"column":23},"end":{"line":17,"column":53}},"8":{"start":{"line":18,"column":23},"end":{"line":18,"column":55}},"9":{"start":{"line":19,"column":26},"end":{"line":19,"column":56}},"10":{"start":{"line":21,"column":6},"end":{"line":26,"column":8}},"11":{"start":{"line":10,"column":13},"end":{"line":34,"column":null}},"12":{"start":{"line":10,"column":13},"end":{"line":10,"column":27}}},"fnMap":{"0":{"name":"(anonymous_0)","decl":{"start":{"line":14,"column":2},"end":{"line":14,"column":null}},"loc":{"start":{"line":14,"column":2},"end":{"line":29,"column":3}}},"1":{"name":"(anonymous_1)","decl":{"start":{"line":31,"column":2},"end":{"line":31,"column":10}},"loc":{"start":{"line":31,"column":10},"end":{"line":32,"column":3}}}},"branchMap":{},"s":{"0":4,"1":4,"2":4,"3":4,"4":1,"5":1,"6":1,"7":20,"8":20,"9":20,"10":20,"11":4,"12":4},"f":{"0":1,"1":1},"b":{}}
,"C:\\git\\new-meteo-station-domotique\\src\\app\\meteo\\stats\\graph\\graph.component.ts": {"path":"C:\\git\\new-meteo-station-domotique\\src\\app\\meteo\\stats\\graph\\graph.component.ts","statementMap":{"0":{"start":{"line":1,"column":0},"end":{"line":1,"column":71}},"1":{"start":{"line":2,"column":0},"end":{"line":2,"column":55}},"2":{"start":{"line":3,"column":0},"end":{"line":3,"column":32}},"3":{"start":{"line":6,"column":0},"end":{"line":6,"column":70}},"4":{"start":{"line":13,"column":0},"end":{"line":216,"column":null}},"5":{"start":{"line":63,"column":21},"end":{"line":63,"column":39}},"6":{"start":{"line":64,"column":21},"end":{"line":64,"column":41}},"7":{"start":{"line":18,"column":2},"end":{"line":18,"column":21}},"8":{"start":{"line":19,"column":2},"end":{"line":19,"column":13}},"9":{"start":{"line":20,"column":2},"end":{"line":20,"column":13}},"10":{"start":{"line":21,"column":2},"end":{"line":24,"column":4}},"11":{"start":{"line":25,"column":2},"end":{"line":57,"column":4}},"12":{"start":{"line":67,"column":4},"end":{"line":77,"column":7}},"13":{"start":{"line":73,"column":6},"end":{"line":76,"column":null}},"14":{"start":{"line":74,"column":8},"end":{"line":74,"column":32}},"15":{"start":{"line":75,"column":8},"end":{"line":75,"column":30}},"16":{"start":{"line":79,"column":4},"end":{"line":89,"column":7}},"17":{"start":{"line":85,"column":6},"end":{"line":88,"column":null}},"18":{"start":{"line":86,"column":8},"end":{"line":86,"column":33}},"19":{"start":{"line":87,"column":8},"end":{"line":87,"column":31}},"20":{"start":{"line":94,"column":4},"end":{"line":94,"column":21}},"21":{"start":{"line":95,"column":4},"end":{"line":98,"column":9}},"22":{"start":{"line":97,"column":8},"end":{"line":97,"column":25}},"23":{"start":{"line":103,"column":4},"end":{"line":103,"column":56}},"24":{"start":{"line":107,"column":4},"end":{"line":107,"column":29}},"25":{"start":{"line":111,"column":4},"end":{"line":111,"column":30}},"26":{"start":{"line":115,"column":4},"end":{"line":115,"column":57}},"27":{"start":{"line":116,"column":4},"end":{"line":116,"column":63}},"28":{"start":{"line":120,"column":4},"end":{"line":120,"column":66}},"29":{"start":{"line":124,"column":4},"end":{"line":124,"column":66}},"30":{"start":{"line":129,"column":17},"end":{"line":129,"column":19}},"31":{"start":{"line":130,"column":4},"end":{"line":136,"column":null}},"32":{"start":{"line":130,"column":17},"end":{"line":130,"column":18}},"33":{"start":{"line":131,"column":6},"end":{"line":135,"column":8}},"34":{"start":{"line":133,"column":10},"end":{"line":133,"column":32}},"35":{"start":{"line":138,"column":4},"end":{"line":142,"column":6}},"36":{"start":{"line":140,"column":8},"end":{"line":140,"column":47}},"37":{"start":{"line":144,"column":4},"end":{"line":148,"column":6}},"38":{"start":{"line":146,"column":8},"end":{"line":146,"column":47}},"39":{"start":{"line":150,"column":4},"end":{"line":154,"column":6}},"40":{"start":{"line":152,"column":8},"end":{"line":152,"column":42}},"41":{"start":{"line":156,"column":4},"end":{"line":160,"column":6}},"42":{"start":{"line":158,"column":8},"end":{"line":158,"column":33}},"43":{"start":{"line":162,"column":18},"end":{"line":162,"column":20}},"44":{"start":{"line":163,"column":14},"end":{"line":163,"column":15}},"45":{"start":{"line":164,"column":4},"end":{"line":191,"column":null}},"46":{"start":{"line":165,"column":6},"end":{"line":189,"column":null}},"47":{"start":{"line":167,"column":24},"end":{"line":167,"column":34}},"48":{"start":{"line":168,"column":23},"end":{"line":168,"column":40}},"49":{"start":{"line":169,"column":25},"end":{"line":169,"column":43}},"50":{"start":{"line":170,"column":24},"end":{"line":170,"column":45}},"51":{"start":{"line":172,"column":21},"end":{"line":172,"column":43}},"52":{"start":{"line":173,"column":20},"end":{"line":173,"column":37}},"53":{"start":{"line":174,"column":22},"end":{"line":174,"column":40}},"54":{"start":{"line":175,"column":21},"end":{"line":175,"column":42}},"55":{"start":{"line":176,"column":22},"end":{"line":176,"column":84}},"56":{"start":{"line":177,"column":24},"end":{"line":177,"column":92}},"57":{"start":{"line":179,"column":16},"end":{"line":179,"column":18}},"58":{"start":{"line":180,"column":8},"end":{"line":185,"column":null}},"59":{"start":{"line":181,"column":10},"end":{"line":181,"column":53}},"60":{"start":{"line":184,"column":10},"end":{"line":184,"column":124}},"61":{"start":{"line":186,"column":8},"end":{"line":186,"column":51}},"62":{"start":{"line":187,"column":8},"end":{"line":187,"column":14}},"63":{"start":{"line":190,"column":6},"end":{"line":190,"column":25}},"64":{"start":{"line":195,"column":20},"end":{"line":195,"column":22}},"65":{"start":{"line":197,"column":18},"end":{"line":197,"column":20}},"66":{"start":{"line":198,"column":25},"end":{"line":198,"column":27}},"67":{"start":{"line":199,"column":4},"end":{"line":205,"column":null}},"68":{"start":{"line":199,"column":17},"end":{"line":199,"column":18}},"69":{"start":{"line":200,"column":6},"end":{"line":200,"column":45}},"70":{"start":{"line":201,"column":6},"end":{"line":204,"column":null}},"71":{"start":{"line":202,"column":8},"end":{"line":202,"column":37}},"72":{"start":{"line":203,"column":8},"end":{"line":203,"column":28}},"73":{"start":{"line":206,"column":4},"end":{"line":206,"column":19}},"74":{"start":{"line":210,"column":23},"end":{"line":210,"column":51}},"75":{"start":{"line":211,"column":22},"end":{"line":211,"column":49}},"76":{"start":{"line":212,"column":4},"end":{"line":212,"column":55}},"77":{"start":{"line":16,"column":11},"end":{"line":16,"column":null}},"78":{"start":{"line":13,"column":13},"end":{"line":216,"column":null}},"79":{"start":{"line":13,"column":13},"end":{"line":13,"column":27}}},"fnMap":{"0":{"name":"(anonymous_0)","decl":{"start":{"line":62,"column":2},"end":{"line":62,"column":null}},"loc":{"start":{"line":64,"column":59},"end":{"line":90,"column":3}}},"1":{"name":"(anonymous_1)","decl":{"start":{"line":72,"column":17},"end":{"line":72,"column":23}},"loc":{"start":{"line":72,"column":26},"end":{"line":77,"column":5}}},"2":{"name":"(anonymous_2)","decl":{"start":{"line":84,"column":17},"end":{"line":84,"column":23}},"loc":{"start":{"line":84,"column":26},"end":{"line":89,"column":5}}},"3":{"name":"(anonymous_3)","decl":{"start":{"line":93,"column":2},"end":{"line":93,"column":10}},"loc":{"start":{"line":93,"column":10},"end":{"line":99,"column":3}}},"4":{"name":"(anonymous_4)","decl":{"start":{"line":96,"column":6},"end":{"line":96,"column":9}},"loc":{"start":{"line":96,"column":11},"end":{"line":98,"column":7}}},"5":{"name":"(anonymous_5)","decl":{"start":{"line":102,"column":2},"end":{"line":102,"column":13}},"loc":{"start":{"line":102,"column":21},"end":{"line":104,"column":3}}},"6":{"name":"(anonymous_6)","decl":{"start":{"line":106,"column":2},"end":{"line":106,"column":13}},"loc":{"start":{"line":106,"column":24},"end":{"line":108,"column":3}}},"7":{"name":"(anonymous_7)","decl":{"start":{"line":110,"column":2},"end":{"line":110,"column":13}},"loc":{"start":{"line":110,"column":25},"end":{"line":112,"column":3}}},"8":{"name":"(anonymous_8)","decl":{"start":{"line":114,"column":10},"end":{"line":114,"column":16}},"loc":{"start":{"line":114,"column":48},"end":{"line":117,"column":3}}},"9":{"name":"(anonymous_9)","decl":{"start":{"line":119,"column":10},"end":{"line":119,"column":24}},"loc":{"start":{"line":119,"column":24},"end":{"line":121,"column":3}}},"10":{"name":"(anonymous_10)","decl":{"start":{"line":123,"column":10},"end":{"line":123,"column":25}},"loc":{"start":{"line":123,"column":25},"end":{"line":125,"column":3}}},"11":{"name":"(anonymous_11)","decl":{"start":{"line":127,"column":9},"end":{"line":127,"column":18}},"loc":{"start":{"line":127,"column":18},"end":{"line":192,"column":3}}},"12":{"name":"(anonymous_12)","decl":{"start":{"line":132,"column":8},"end":{"line":132,"column":9}},"loc":{"start":{"line":132,"column":32},"end":{"line":134,"column":9}}},"13":{"name":"(anonymous_13)","decl":{"start":{"line":139,"column":6},"end":{"line":139,"column":7}},"loc":{"start":{"line":139,"column":30},"end":{"line":141,"column":7}}},"14":{"name":"(anonymous_14)","decl":{"start":{"line":145,"column":6},"end":{"line":145,"column":7}},"loc":{"start":{"line":145,"column":30},"end":{"line":147,"column":7}}},"15":{"name":"(anonymous_15)","decl":{"start":{"line":151,"column":6},"end":{"line":151,"column":7}},"loc":{"start":{"line":151,"column":30},"end":{"line":153,"column":7}}},"16":{"name":"(anonymous_16)","decl":{"start":{"line":157,"column":6},"end":{"line":157,"column":7}},"loc":{"start":{"line":157,"column":30},"end":{"line":159,"column":7}}},"17":{"name":"(anonymous_17)","decl":{"start":{"line":194,"column":2},"end":{"line":194,"column":13}},"loc":{"start":{"line":194,"column":27},"end":{"line":207,"column":3}}},"18":{"name":"(anonymous_18)","decl":{"start":{"line":209,"column":2},"end":{"line":209,"column":9}},"loc":{"start":{"line":209,"column":37},"end":{"line":213,"column":3}}}},"branchMap":{"0":{"loc":{"start":{"line":73,"column":6},"end":{"line":76,"column":null}},"type":"if","locations":[{"start":{"line":73,"column":6},"end":{"line":76,"column":null}},{"start":{"line":73,"column":6},"end":{"line":76,"column":null}}]},"1":{"loc":{"start":{"line":85,"column":6},"end":{"line":88,"column":null}},"type":"if","locations":[{"start":{"line":85,"column":6},"end":{"line":88,"column":null}},{"start":{"line":85,"column":6},"end":{"line":88,"column":null}}]},"2":{"loc":{"start":{"line":103,"column":11},"end":{"line":103,"column":30}},"type":"binary-expr","locations":[{"start":{"line":103,"column":11},"end":{"line":103,"column":30}},{"start":{"line":103,"column":34},"end":{"line":103,"column":55}}]},"3":{"loc":{"start":{"line":115,"column":27},"end":{"line":115,"column":32}},"type":"cond-expr","locations":[{"start":{"line":115,"column":27},"end":{"line":115,"column":32}},{"start":{"line":115,"column":34},"end":{"line":115,"column":56}}]},"4":{"loc":{"start":{"line":116,"column":29},"end":{"line":116,"column":35}},"type":"cond-expr","locations":[{"start":{"line":116,"column":29},"end":{"line":116,"column":35}},{"start":{"line":116,"column":38},"end":{"line":116,"column":61}}]},"5":{"loc":{"start":{"line":164,"column":4},"end":{"line":191,"column":null}},"type":"if","locations":[{"start":{"line":164,"column":4},"end":{"line":191,"column":null}},{"start":{"line":164,"column":4},"end":{"line":191,"column":null}}]},"6":{"loc":{"start":{"line":176,"column":45},"end":{"line":176,"column":66}},"type":"cond-expr","locations":[{"start":{"line":176,"column":45},"end":{"line":176,"column":66}},{"start":{"line":176,"column":69},"end":{"line":176,"column":84}}]},"7":{"loc":{"start":{"line":177,"column":49},"end":{"line":177,"column":72}},"type":"cond-expr","locations":[{"start":{"line":177,"column":49},"end":{"line":177,"column":72}},{"start":{"line":177,"column":75},"end":{"line":177,"column":92}}]},"8":{"loc":{"start":{"line":180,"column":8},"end":{"line":185,"column":null}},"type":"if","locations":[{"start":{"line":180,"column":8},"end":{"line":185,"column":null}},{"start":{"line":180,"column":8},"end":{"line":185,"column":null}}]},"9":{"loc":{"start":{"line":184,"column":57},"end":{"line":184,"column":92}},"type":"cond-expr","locations":[{"start":{"line":184,"column":57},"end":{"line":184,"column":92}},{"start":{"line":184,"column":95},"end":{"line":184,"column":97}}]},"10":{"loc":{"start":{"line":201,"column":6},"end":{"line":204,"column":null}},"type":"if","locations":[{"start":{"line":201,"column":6},"end":{"line":204,"column":null}},{"start":{"line":201,"column":6},"end":{"line":204,"column":null}}]},"11":{"loc":{"start":{"line":201,"column":10},"end":{"line":201,"column":25}},"type":"binary-expr","locations":[{"start":{"line":201,"column":10},"end":{"line":201,"column":25}},{"start":{"line":201,"column":29},"end":{"line":201,"column":52}}]}},"s":{"0":5,"1":5,"2":5,"3":5,"4":5,"5":2,"6":2,"7":2,"8":2,"9":2,"10":2,"11":2,"12":2,"13":2,"14":0,"15":0,"16":2,"17":2,"18":0,"19":0,"20":2,"21":2,"22":0,"23":4,"24":0,"25":0,"26":0,"27":0,"28":0,"29":0,"30":2,"31":2,"32":2,"33":14,"34":0,"35":2,"36":0,"37":2,"38":0,"39":2,"40":0,"41":2,"42":0,"43":2,"44":2,"45":2,"46":1,"47":20,"48":20,"49":20,"50":20,"51":20,"52":20,"53":20,"54":20,"55":20,"56":20,"57":20,"58":20,"59":1,"60":19,"61":20,"62":20,"63":1,"64":0,"65":0,"66":0,"67":0,"68":0,"69":0,"70":0,"71":0,"72":0,"73":0,"74":38,"75":38,"76":38,"77":5,"78":5,"79":5},"f":{"0":2,"1":2,"2":2,"3":2,"4":0,"5":4,"6":0,"7":0,"8":0,"9":0,"10":0,"11":2,"12":0,"13":0,"14":0,"15":0,"16":0,"17":0,"18":38},"b":{"0":[0,2],"1":[0,2],"2":[4,4],"3":[0,0],"4":[0,0],"5":[1,1],"6":[0,20],"7":[0,20],"8":[1,19],"9":[19,0],"10":[0,0],"11":[0,0]}}
}
