TN:
SF:src\app\app.component.ts
FN:18,(anonymous_0)
FN:14,(anonymous_1)
FNF:2
FNH:1
FNDA:1,(anonymous_0)
FNDA:0,(anonymous_1)
DA:1,4
DA:3,4
DA:10,4
DA:12,4
DA:15,0
DA:18,1
DA:19,1
LF:7
LH:6
BRF:0
BRH:0
end_of_record
TN:
SF:src\app\auth\login\login.component.ts
FN:19,(anonymous_0)
FN:28,(anonymous_1)
FN:41,(anonymous_2)
FNF:3
FNH:2
FNDA:1,(anonymous_0)
FNDA:1,(anonymous_1)
FNDA:0,(anonymous_2)
DA:1,1
DA:2,1
DA:3,1
DA:4,1
DA:11,1
DA:20,1
DA:21,1
DA:22,1
DA:23,1
DA:29,1
DA:31,1
DA:36,1
DA:37,0
DA:42,0
DA:43,0
DA:44,0
DA:45,0
DA:46,0
DA:47,0
DA:48,0
DA:50,0
DA:53,0
LF:22
LH:12
BRDA:29,0,0,1
BRDA:29,0,1,1
BRDA:36,1,0,0
BRDA:36,1,1,1
BRDA:44,2,0,0
BRDA:44,2,1,0
BRF:6
BRH:3
end_of_record
TN:
SF:src\app\auth\unauthenticated\unauthenticated.component.ts
FN:10,(anonymous_0)
FN:12,(anonymous_1)
FNF:2
FNH:2
FNDA:1,(anonymous_0)
FNDA:1,(anonymous_1)
DA:1,1
DA:8,1
LF:2
LH:2
BRF:0
BRH:0
end_of_record
TN:
SF:src\app\devices\devices.component.ts
FN:18,(anonymous_0)
FN:22,(anonymous_1)
FN:28,(anonymous_2)
FN:33,(anonymous_3)
FNF:4
FNH:2
FNDA:1,(anonymous_0)
FNDA:0,(anonymous_1)
FNDA:0,(anonymous_2)
FNDA:1,(anonymous_3)
DA:1,1
DA:2,1
DA:5,1
DA:12,1
DA:14,1
DA:16,1
DA:18,1
DA:23,0
DA:28,0
DA:29,0
DA:34,1
DA:35,5
LF:12
LH:9
BRF:0
BRH:0
end_of_record
TN:
SF:src\app\devices\device-detail\device-detail.component.ts
FN:20,(anonymous_0)
FN:22,(anonymous_1)
FNF:2
FNH:2
FNDA:1,(anonymous_0)
FNDA:1,(anonymous_1)
DA:1,2
DA:2,2
DA:3,2
DA:10,2
DA:12,1
DA:20,1
LF:6
LH:6
BRF:0
BRH:0
end_of_record
TN:
SF:src\app\generic\core\service\auth.service.ts
FN:11,(anonymous_0)
FN:15,(anonymous_1)
FN:20,(anonymous_2)
FN:25,(anonymous_3)
FNF:4
FNH:2
FNDA:7,(anonymous_0)
FNDA:0,(anonymous_1)
FNDA:0,(anonymous_2)
FNDA:17,(anonymous_3)
DA:1,7
DA:2,7
DA:7,7
DA:9,7
DA:12,7
DA:16,0
DA:17,0
DA:21,0
DA:22,0
DA:26,17
LF:10
LH:6
BRF:0
BRH:0
end_of_record
TN:
SF:src\app\generic\core\service\package-json.service.ts
FN:22,(anonymous_0)
FN:26,(anonymous_1)
FNF:2
FNH:2
FNDA:7,(anonymous_0)
FNDA:18,(anonymous_1)
DA:1,6
DA:2,6
DA:16,6
DA:17,7
DA:18,7
DA:20,7
DA:21,7
DA:27,18
LF:8
LH:8
BRF:0
BRH:0
end_of_record
TN:
SF:src\app\generic\global-layout\footer\footer.component.ts
FN:14,(anonymous_0)
FN:17,(anonymous_1)
FN:21,(anonymous_2)
FNF:3
FNH:2
FNDA:2,(anonymous_0)
FNDA:8,(anonymous_1)
FNDA:0,(anonymous_2)
DA:1,4
DA:2,4
DA:3,4
DA:9,4
DA:11,4
DA:12,4
DA:14,2
DA:15,2
DA:18,8
DA:22,0
DA:23,0
DA:24,0
LF:12
LH:9
BRDA:22,0,0,0
BRDA:22,0,1,0
BRF:2
BRH:0
end_of_record
TN:
SF:src\app\generic\global-layout\header\header.component.ts
FN:11,(anonymous_0)
FNF:1
FNH:1
FNDA:1,(anonymous_0)
DA:1,4
DA:9,4
LF:2
LH:2
BRF:0
BRH:0
end_of_record
TN:
SF:src\app\generic\global-layout\menu\menu.component.ts
FN:28,(anonymous_0)
FN:36,(anonymous_1)
FN:39,(anonymous_2)
FN:43,(anonymous_3)
FN:48,(anonymous_4)
FN:52,(anonymous_5)
FN:53,(anonymous_6)
FN:58,(anonymous_7)
FNF:8
FNH:5
FNDA:4,(anonymous_0)
FNDA:3,(anonymous_1)
FNDA:16,(anonymous_2)
FNDA:0,(anonymous_3)
FNDA:8,(anonymous_4)
FNDA:1,(anonymous_5)
FNDA:0,(anonymous_6)
FNDA:0,(anonymous_7)
DA:1,4
DA:2,4
DA:3,4
DA:4,4
DA:5,4
DA:6,4
DA:7,4
DA:15,4
DA:18,4
DA:21,4
DA:23,4
DA:25,4
DA:28,4
DA:29,4
DA:30,4
DA:32,4
DA:40,16
DA:44,0
DA:49,8
DA:53,1
DA:54,0
DA:59,0
LF:22
LH:19
BRF:0
BRH:0
end_of_record
TN:
SF:src\app\home\home.component.ts
FN:11,(anonymous_0)
FN:13,(anonymous_1)
FN:16,(anonymous_2)
FNF:3
FNH:3
FNDA:1,(anonymous_0)
FNDA:1,(anonymous_1)
FNDA:2,(anonymous_2)
DA:1,1
DA:2,1
DA:9,1
DA:11,1
DA:17,2
LF:5
LH:5
BRF:0
BRH:0
end_of_record
TN:
SF:src\app\meteo\forecasts\forecasts.component.ts
FN:20,(anonymous_0)
FN:34,(anonymous_1)
FN:37,(anonymous_2)
FN:47,(anonymous_3)
FNF:4
FNH:2
FNDA:1,(anonymous_0)
FNDA:1,(anonymous_1)
FNDA:0,(anonymous_2)
FNDA:0,(anonymous_3)
DA:1,3
DA:2,3
DA:3,3
DA:4,3
DA:12,3
DA:15,1
DA:16,1
DA:17,1
DA:22,1
DA:24,1
DA:25,1
DA:26,1
DA:27,15
DA:29,15
DA:38,0
DA:39,0
DA:40,0
DA:41,0
DA:42,0
DA:43,0
DA:48,0
DA:49,0
DA:50,0
DA:52,0
DA:53,0
DA:54,0
DA:55,0
DA:56,0
DA:57,0
DA:58,0
DA:59,0
DA:60,0
DA:61,0
DA:62,0
DA:63,0
LF:35
LH:14
BRDA:38,0,0,0
BRDA:38,0,1,0
BRDA:41,1,0,0
BRDA:41,1,1,0
BRDA:52,2,0,0
BRDA:52,2,1,0
BRDA:55,3,0,0
BRDA:55,3,1,0
BRDA:58,4,0,0
BRDA:58,4,1,0
BRDA:58,5,0,0
BRDA:58,5,1,0
BRDA:58,5,2,0
BRDA:59,6,0,0
BRDA:59,6,1,0
BRDA:60,7,0,0
BRDA:60,7,1,0
BRDA:61,8,0,0
BRDA:61,8,1,0
BRDA:61,9,0,0
BRDA:61,9,1,0
BRDA:62,10,0,0
BRDA:62,10,1,0
BRDA:63,11,0,0
BRDA:63,11,1,0
BRDA:63,12,0,0
BRDA:63,12,1,0
BRF:27
BRH:0
end_of_record
TN:
SF:src\app\meteo\forecasts\forecasts-card\forecasts-card.component.ts
FN:12,(anonymous_0)
FN:16,(anonymous_1)
FNF:2
FNH:2
FNDA:17,(anonymous_0)
FNDA:17,(anonymous_1)
DA:1,3
DA:2,3
DA:8,3
DA:10,3
LF:4
LH:4
BRF:0
BRH:0
end_of_record
TN:
SF:src\app\meteo\station\station.component.ts
FN:14,(anonymous_0)
FN:16,(anonymous_1)
FN:19,(anonymous_2)
FN:23,(anonymous_3)
FN:27,(anonymous_4)
FNF:5
FNH:2
FNDA:1,(anonymous_0)
FNDA:1,(anonymous_1)
FNDA:0,(anonymous_2)
FNDA:0,(anonymous_3)
FNDA:0,(anonymous_4)
DA:1,3
DA:8,3
DA:10,1
DA:11,1
DA:12,1
DA:20,0
DA:24,0
DA:28,0
LF:8
LH:5
BRF:0
BRH:0
end_of_record
TN:
SF:src\app\meteo\stats\stats.component.ts
FN:16,(anonymous_0)
FN:20,(anonymous_1)
FN:24,(anonymous_2)
FNF:3
FNH:3
FNDA:1,(anonymous_0)
FNDA:1,(anonymous_1)
FNDA:1,(anonymous_2)
DA:1,4
DA:2,4
DA:3,4
DA:10,4
DA:12,1
DA:14,1
DA:17,1
DA:21,1
DA:25,1
DA:26,1
DA:28,45
DA:29,45
DA:30,45
DA:32,45
DA:39,1
LF:15
LH:15
BRF:0
BRH:0
end_of_record
TN:
SF:src\app\meteo\stats\graph\graph.component.ts
FN:69,(anonymous_0)
FN:79,(anonymous_1)
FN:90,(anonymous_2)
FN:98,(anonymous_3)
FN:101,(anonymous_4)
FN:107,(anonymous_5)
FN:111,(anonymous_6)
FN:115,(anonymous_7)
FN:119,(anonymous_8)
FN:124,(anonymous_9)
FN:128,(anonymous_10)
FN:132,(anonymous_11)
FN:137,(anonymous_12)
FN:144,(anonymous_13)
FN:150,(anonymous_14)
FN:156,(anonymous_15)
FN:162,(anonymous_16)
FN:195,(anonymous_17)
FNF:18
FNH:7
FNDA:2,(anonymous_0)
FNDA:2,(anonymous_1)
FNDA:2,(anonymous_2)
FNDA:2,(anonymous_3)
FNDA:0,(anonymous_4)
FNDA:4,(anonymous_5)
FNDA:0,(anonymous_6)
FNDA:0,(anonymous_7)
FNDA:0,(anonymous_8)
FNDA:0,(anonymous_9)
FNDA:0,(anonymous_10)
FNDA:2,(anonymous_11)
FNDA:0,(anonymous_12)
FNDA:0,(anonymous_13)
FNDA:0,(anonymous_14)
FNDA:0,(anonymous_15)
FNDA:0,(anonymous_16)
FNDA:87,(anonymous_17)
DA:1,5
DA:2,5
DA:3,5
DA:6,5
DA:14,5
DA:17,5
DA:19,2
DA:20,2
DA:21,2
DA:22,2
DA:26,2
DA:70,2
DA:71,2
DA:74,2
DA:80,2
DA:81,0
DA:85,2
DA:91,2
DA:92,0
DA:99,2
DA:100,2
DA:102,0
DA:108,4
DA:112,0
DA:116,0
DA:120,0
DA:121,0
DA:125,0
DA:129,0
DA:134,2
DA:135,2
DA:136,14
DA:138,0
DA:143,2
DA:145,0
DA:149,2
DA:151,0
DA:155,2
DA:157,0
DA:161,2
DA:163,0
DA:167,2
DA:168,2
DA:169,2
DA:170,1
DA:172,45
DA:174,45
DA:175,45
DA:176,1
DA:177,1
DA:178,1
DA:179,1
DA:182,44
DA:183,44
DA:184,44
DA:185,44
DA:187,45
DA:188,45
DA:191,1
DA:196,87
DA:197,87
DA:198,87
LF:62
LH:48
BRDA:80,0,0,0
BRDA:80,0,1,2
BRDA:91,1,0,0
BRDA:91,1,1,2
BRDA:108,2,0,4
BRDA:108,2,1,4
BRDA:120,3,0,0
BRDA:120,3,1,0
BRDA:121,4,0,0
BRDA:121,4,1,0
BRDA:169,5,0,1
BRDA:169,5,1,1
BRDA:175,6,0,1
BRDA:175,6,1,44
BRDA:183,7,0,0
BRDA:183,7,1,44
BRDA:184,8,0,0
BRDA:184,8,1,44
BRDA:185,9,0,43
BRDA:185,9,1,1
BRF:20
BRH:12
end_of_record
