TN:
SF:src\app\app.component.ts
FN:18,(anonymous_0)
FN:14,(anonymous_1)
FNF:2
FNH:0
FNDA:0,(anonymous_0)
FNDA:0,(anonymous_1)
DA:1,0
DA:3,0
DA:10,0
DA:12,0
DA:15,0
DA:18,0
DA:19,0
LF:7
LH:0
BRF:0
BRH:0
end_of_record
TN:
SF:src\app\auth\login\login.component.ts
FN:10,(anonymous_0)
FN:12,(anonymous_1)
FNF:2
FNH:2
FNDA:1,(anonymous_0)
FNDA:1,(anonymous_1)
DA:1,1
DA:8,1
LF:2
LH:2
BRF:0
BRH:0
end_of_record
TN:
SF:src\app\auth\unauthenticated\unauthenticated.component.ts
FN:10,(anonymous_0)
FN:12,(anonymous_1)
FNF:2
FNH:2
FNDA:1,(anonymous_0)
FNDA:1,(anonymous_1)
DA:1,1
DA:8,1
LF:2
LH:2
BRF:0
BRH:0
end_of_record
TN:
SF:src\app\devices\devices.component.ts
FN:18,(anonymous_0)
FN:22,(anonymous_1)
FN:28,(anonymous_2)
FN:33,(anonymous_3)
FNF:4
FNH:2
FNDA:1,(anonymous_0)
FNDA:0,(anonymous_1)
FNDA:0,(anonymous_2)
FNDA:1,(anonymous_3)
DA:1,1
DA:2,1
DA:5,1
DA:12,1
DA:14,1
DA:16,1
DA:18,1
DA:23,0
DA:28,0
DA:29,0
DA:34,1
DA:35,5
LF:12
LH:9
BRF:0
BRH:0
end_of_record
TN:
SF:src\app\devices\device-detail\device-detail.component.ts
FN:20,(anonymous_0)
FN:22,(anonymous_1)
FNF:2
FNH:2
FNDA:1,(anonymous_0)
FNDA:1,(anonymous_1)
DA:1,2
DA:2,2
DA:3,2
DA:10,2
DA:12,1
DA:20,1
LF:6
LH:6
BRF:0
BRH:0
end_of_record
TN:
SF:src\app\devices\play-with-led\play-with-led.component.ts
FN:10,(anonymous_0)
FN:12,(anonymous_1)
FNF:2
FNH:2
FNDA:1,(anonymous_0)
FNDA:1,(anonymous_1)
DA:1,1
DA:8,1
LF:2
LH:2
BRF:0
BRH:0
end_of_record
TN:
SF:src\app\generic\core\service\package-json.service.ts
FN:22,(anonymous_0)
FN:26,(anonymous_1)
FNF:2
FNH:0
FNDA:0,(anonymous_0)
FNDA:0,(anonymous_1)
DA:1,0
DA:2,0
DA:16,0
DA:17,0
DA:18,0
DA:20,0
DA:21,0
DA:27,0
LF:8
LH:0
BRF:0
BRH:0
end_of_record
TN:
SF:src\app\generic\global-layout\footer\footer.component.ts
FN:14,(anonymous_0)
FN:17,(anonymous_1)
FN:21,(anonymous_2)
FNF:3
FNH:0
FNDA:0,(anonymous_0)
FNDA:0,(anonymous_1)
FNDA:0,(anonymous_2)
DA:1,0
DA:2,0
DA:3,0
DA:9,0
DA:11,0
DA:12,0
DA:14,0
DA:15,0
DA:18,0
DA:22,0
DA:23,0
DA:24,0
LF:12
LH:0
BRDA:22,0,0,0
BRDA:22,0,1,0
BRF:2
BRH:0
end_of_record
TN:
SF:src\app\generic\global-layout\header\header.component.ts
FN:11,(anonymous_0)
FNF:1
FNH:0
FNDA:0,(anonymous_0)
DA:1,0
DA:9,0
LF:2
LH:0
BRF:0
BRH:0
end_of_record
TN:
SF:src\app\generic\global-layout\menu\menu.component.ts
FN:28,(anonymous_0)
FN:35,(anonymous_1)
FN:38,(anonymous_2)
FN:42,(anonymous_3)
FN:43,(anonymous_4)
FN:48,(anonymous_5)
FNF:6
FNH:0
FNDA:0,(anonymous_0)
FNDA:0,(anonymous_1)
FNDA:0,(anonymous_2)
FNDA:0,(anonymous_3)
FNDA:0,(anonymous_4)
FNDA:0,(anonymous_5)
DA:1,0
DA:2,0
DA:3,0
DA:4,0
DA:5,0
DA:6,0
DA:14,0
DA:17,0
DA:20,0
DA:22,0
DA:24,0
DA:26,0
DA:28,0
DA:29,0
DA:31,0
DA:39,0
DA:43,0
DA:44,0
DA:49,0
LF:19
LH:0
BRF:0
BRH:0
end_of_record
TN:
SF:src\app\home\home.component.ts
FN:11,(anonymous_0)
FN:13,(anonymous_1)
FN:16,(anonymous_2)
FNF:3
FNH:0
FNDA:0,(anonymous_0)
FNDA:0,(anonymous_1)
FNDA:0,(anonymous_2)
DA:1,0
DA:2,0
DA:9,0
DA:11,0
DA:17,0
LF:5
LH:0
BRF:0
BRH:0
end_of_record
TN:
SF:src\app\meteo\forecasts\forecasts.component.ts
FN:21,(anonymous_0)
FN:36,(anonymous_1)
FN:39,(anonymous_2)
FN:49,(anonymous_3)
FNF:4
FNH:2
FNDA:1,(anonymous_0)
FNDA:1,(anonymous_1)
FNDA:0,(anonymous_2)
FNDA:0,(anonymous_3)
DA:1,3
DA:2,3
DA:3,3
DA:4,3
DA:14,3
DA:17,1
DA:18,1
DA:23,1
DA:26,1
DA:28,1
DA:29,15
DA:31,15
DA:40,0
DA:41,0
DA:42,0
DA:43,0
DA:44,0
DA:45,0
DA:50,0
DA:51,0
DA:52,0
DA:54,0
DA:55,0
DA:56,0
DA:57,0
DA:58,0
DA:59,0
DA:60,0
DA:61,0
DA:62,0
DA:63,0
DA:64,0
DA:65,0
LF:33
LH:12
BRDA:40,0,0,0
BRDA:40,0,1,0
BRDA:43,1,0,0
BRDA:43,1,1,0
BRDA:54,2,0,0
BRDA:54,2,1,0
BRDA:57,3,0,0
BRDA:57,3,1,0
BRDA:60,4,0,0
BRDA:60,4,1,0
BRDA:60,5,0,0
BRDA:60,5,1,0
BRDA:60,5,2,0
BRDA:61,6,0,0
BRDA:61,6,1,0
BRDA:62,7,0,0
BRDA:62,7,1,0
BRDA:63,8,0,0
BRDA:63,8,1,0
BRDA:63,9,0,0
BRDA:63,9,1,0
BRDA:64,10,0,0
BRDA:64,10,1,0
BRDA:65,11,0,0
BRDA:65,11,1,0
BRDA:65,12,0,0
BRDA:65,12,1,0
BRF:27
BRH:0
end_of_record
TN:
SF:src\app\meteo\forecasts\forecasts-card\forecasts-card.component.ts
FN:14,(anonymous_0)
FN:18,(anonymous_1)
FNF:2
FNH:2
FNDA:17,(anonymous_0)
FNDA:17,(anonymous_1)
DA:1,3
DA:2,3
DA:8,3
DA:10,3
DA:12,3
LF:5
LH:5
BRF:0
BRH:0
end_of_record
TN:
SF:src\app\meteo\station\station.component.ts
FN:14,(anonymous_0)
FN:16,(anonymous_1)
FN:19,(anonymous_2)
FN:23,(anonymous_3)
FN:27,(anonymous_4)
FNF:5
FNH:2
FNDA:1,(anonymous_0)
FNDA:1,(anonymous_1)
FNDA:0,(anonymous_2)
FNDA:0,(anonymous_3)
FNDA:0,(anonymous_4)
DA:1,3
DA:8,3
DA:10,1
DA:11,1
DA:12,1
DA:20,0
DA:24,0
DA:28,0
LF:8
LH:5
BRF:0
BRH:0
end_of_record
TN:
SF:src\app\meteo\stats\stats.component.ts
FN:14,(anonymous_0)
FN:31,(anonymous_1)
FNF:2
FNH:2
FNDA:1,(anonymous_0)
FNDA:1,(anonymous_1)
DA:1,4
DA:2,4
DA:3,4
DA:10,4
DA:12,1
DA:15,1
DA:17,20
DA:18,20
DA:19,20
DA:21,20
LF:10
LH:10
BRF:0
BRH:0
end_of_record
TN:
SF:src\app\meteo\stats\graph\graph.component.ts
FN:62,(anonymous_0)
FN:72,(anonymous_1)
FN:84,(anonymous_2)
FN:93,(anonymous_3)
FN:96,(anonymous_4)
FN:102,(anonymous_5)
FN:106,(anonymous_6)
FN:110,(anonymous_7)
FN:114,(anonymous_8)
FN:119,(anonymous_9)
FN:123,(anonymous_10)
FN:127,(anonymous_11)
FN:132,(anonymous_12)
FN:139,(anonymous_13)
FN:145,(anonymous_14)
FN:151,(anonymous_15)
FN:157,(anonymous_16)
FN:194,(anonymous_17)
FN:209,(anonymous_18)
FNF:19
FNH:7
FNDA:2,(anonymous_0)
FNDA:2,(anonymous_1)
FNDA:2,(anonymous_2)
FNDA:2,(anonymous_3)
FNDA:0,(anonymous_4)
FNDA:4,(anonymous_5)
FNDA:0,(anonymous_6)
FNDA:0,(anonymous_7)
FNDA:0,(anonymous_8)
FNDA:0,(anonymous_9)
FNDA:0,(anonymous_10)
FNDA:2,(anonymous_11)
FNDA:0,(anonymous_12)
FNDA:0,(anonymous_13)
FNDA:0,(anonymous_14)
FNDA:0,(anonymous_15)
FNDA:0,(anonymous_16)
FNDA:0,(anonymous_17)
FNDA:38,(anonymous_18)
DA:1,5
DA:2,5
DA:3,5
DA:6,5
DA:13,5
DA:16,5
DA:18,2
DA:19,2
DA:20,2
DA:21,2
DA:25,2
DA:63,2
DA:64,2
DA:67,2
DA:73,2
DA:74,0
DA:75,0
DA:79,2
DA:85,2
DA:86,0
DA:87,0
DA:94,2
DA:95,2
DA:97,0
DA:103,4
DA:107,0
DA:111,0
DA:115,0
DA:116,0
DA:120,0
DA:124,0
DA:129,2
DA:130,2
DA:131,14
DA:133,0
DA:138,2
DA:140,0
DA:144,2
DA:146,0
DA:150,2
DA:152,0
DA:156,2
DA:158,0
DA:162,2
DA:163,2
DA:164,2
DA:165,1
DA:167,20
DA:168,20
DA:169,20
DA:170,20
DA:172,20
DA:173,20
DA:174,20
DA:175,20
DA:176,20
DA:177,20
DA:179,20
DA:180,20
DA:181,1
DA:184,19
DA:186,20
DA:187,20
DA:190,1
DA:195,0
DA:197,0
DA:198,0
DA:199,0
DA:200,0
DA:201,0
DA:202,0
DA:203,0
DA:206,0
DA:210,38
DA:211,38
DA:212,38
LF:76
LH:51
BRDA:73,0,0,0
BRDA:73,0,1,2
BRDA:85,1,0,0
BRDA:85,1,1,2
BRDA:103,2,0,4
BRDA:103,2,1,4
BRDA:115,3,0,0
BRDA:115,3,1,0
BRDA:116,4,0,0
BRDA:116,4,1,0
BRDA:164,5,0,1
BRDA:164,5,1,1
BRDA:176,6,0,0
BRDA:176,6,1,20
BRDA:177,7,0,0
BRDA:177,7,1,20
BRDA:180,8,0,1
BRDA:180,8,1,19
BRDA:184,9,0,19
BRDA:184,9,1,0
BRDA:201,10,0,0
BRDA:201,10,1,0
BRDA:201,11,0,0
BRDA:201,11,1,0
BRF:24
BRH:11
end_of_record
